 - [2] init server 127.0.0.2 12345 * [2] Creating peer [seed] tcp://127.0.0.1:12345

 - [2] Sending unencrypted profile to tcp://127.0.0.1:12345
 - [2] [Market] Initializing
 - [2] Data sent to p2p: {'reviews': [{'rating': 10, 'sig': '304502202ef020f8b1a07486f46cea5cc44290c1ecc11c576f9d356344a7392ab26754c8022100dde7a0361947c259faaf1f8ab0a702f0087ca442e2c4224a5871f75936d09d4c', 'text': 'Initial Review', 'pubkey': '02ca002092bf512c71b8b2f2a7c1e6f0ed919d16928ff610349643d70f319f8d482fe4c7002097824d8230f53f75ea537610bfc14d417cd7835becbca3397b184964bfdfbfef', 'subject': '02ca002092bf512c71b8b2f2a7c1e6f0ed919d16928ff610349643d70f319f8d482fe4c7002097824d8230f53f75ea537610bfc14d417cd7835becbca3397b184964bfdfbfef'}], 'pubkey': '02ca002092bf512c71b8b2f2a7c1e6f0ed919d16928ff610349643d70f319f8d482fe4c7002097824d8230f53f75ea537610bfc14d417cd7835becbca3397b184964bfdfbfef', 'type': 'reputation'}
{u'state': u'accepted', u'_id': ObjectId('536008125d545c496bcbafeb')}
 - [2] [Market] Loading market config from ppl/default
 - [2] [Market] Configuration data: {"pubkey": "039e55dd799fac2ca83451dd1b5296412547c18566b321231f5d5e1222bfcb02fb", "secret": "70a4863b19407f4a872855f2b2b9062c8e18e1563a73efbe15f1df24b035e814", "nickname": "Default Marketplace", "desc": "This is a default marketplace. Public address is <a href=\"https://blockchain.info/address/1Dark7Qx6DCX3y4qQRZDxLcqy8Mait3MQk\">1Dark7Qx6DCX3y4qQRZDxLcqy8Mait3MQk</a>."}
 - [2] Decrypted raw message [hello]
 - [2] Setting public key for seed node
 * [2] Creating peer tcp://127.0.0.2:12345 02ca002092bf512c...
 - [2] [Market] New peer
 - [2] Sending encrypted profile to tcp://127.0.0.2:12345
 - [2] [Market] Tagline signature: 3046022100afecf3c14e7f5839efe10818c8d01c9f04a47e633cdbe36cc4833d6eedd99456022100b33b4155d0c667269f8761401539354c95959e00bc16304462fdba1e71b011ed
 - [2] Data sent to p2p: {'text': 'Market Initialized', 'type': 'shout'}
 - [2] Update peer table [2 peers]
 - [2] Decrypted raw message [hello]
 - [2] Update peer table [2 peers]
 - Started user app at http://127.0.0.2:8889
 - [2] Decrypted raw message [shout]
 - [2] Data received: {u'text': u'Market Initialized', u'type': u'shout'}
 - [2] Decrypted raw message [query_page]
 - [2] Data received: {u'type': u'query_page', u'pubkey': u'02ca002092bf512c71b8b2f2a7c1e6f0ed919d16928ff610349643d70f319f8d482fe4c7002097824d8230f53f75ea537610bfc14d417cd7835becbca3397b184964bfdfbfef'}
 - [2] [Market] Someone is querying for your page
 - [2] Data sent to p2p: {'pubkey': '02ca002092bf512c71b8b2f2a7c1e6f0ed919d16928ff610349643d70f319f8d482fe4c7002097824d8230f53f75ea537610bfc14d417cd7835becbca3397b184964bfdfbfef', 'text': u'Default Marketplace: This is a default marketplace. Public address is <a href="https://blockchain.info/address/1Dark7Qx6DCX3y4qQRZDxLcqy8Mait3MQk">1Dark7Qx6DCX3y4qQRZDxLcqy8Mait3MQk</a>.', 'nickname': u'Default Marketplace', 'type': 'page', 'signature': '3046022100afecf3c14e7f5839efe10818c8d01c9f04a47e633cdbe36cc4833d6eedd99456022100b33b4155d0c667269f8761401539354c95959e00bc16304462fdba1e71b011ed'}
 - [2] Decrypted raw message [query_reputation]
 - [2] Data received: {u'type': u'query_reputation', u'pubkey': u'02ca002092bf512c71b8b2f2a7c1e6f0ed919d16928ff610349643d70f319f8d482fe4c7002097824d8230f53f75ea537610bfc14d417cd7835becbca3397b184964bfdfbfef'}
 - [2] Data sent to p2p: {'reviews': [{'rating': 10, 'sig': '304502202ef020f8b1a07486f46cea5cc44290c1ecc11c576f9d356344a7392ab26754c8022100dde7a0361947c259faaf1f8ab0a702f0087ca442e2c4224a5871f75936d09d4c', 'text': 'Initial Review', 'pubkey': '02ca002092bf512c71b8b2f2a7c1e6f0ed919d16928ff610349643d70f319f8d482fe4c7002097824d8230f53f75ea537610bfc14d417cd7835becbca3397b184964bfdfbfef', 'subject': '02ca002092bf512c71b8b2f2a7c1e6f0ed919d16928ff610349643d70f319f8d482fe4c7002097824d8230f53f75ea537610bfc14d417cd7835becbca3397b184964bfdfbfef'}], 'pubkey': '02ca002092bf512c71b8b2f2a7c1e6f0ed919d16928ff610349643d70f319f8d482fe4c7002097824d8230f53f75ea537610bfc14d417cd7835becbca3397b184964bfdfbfef', 'type': 'reputation'}
 - [2] Decrypted raw message [page]
 - [2] Data received: {u'text': u'Default Marketplace: This is a default marketplace. Public address is <a href="https://blockchain.info/address/1Dark7Qx6DCX3y4qQRZDxLcqy8Mait3MQk">1Dark7Qx6DCX3y4qQRZDxLcqy8Mait3MQk</a>.', u'nickname': u'Default Marketplace', u'signature': u'3046022100afecf3c14e7f5839efe10818c8d01c9f04a47e633cdbe36cc4833d6eedd99456022100b33b4155d0c667269f8761401539354c95959e00bc16304462fdba1e71b011ed', u'pubkey': u'02ca002092bf512c71b8b2f2a7c1e6f0ed919d16928ff610349643d70f319f8d482fe4c7002097824d8230f53f75ea537610bfc14d417cd7835becbca3397b184964bfdfbfef', u'type': u'page'}
 - [2] [Market] Page returned: {u'text': u'Default Marketplace: This is a default marketplace. Public address is <a href="https://blockchain.info/address/1Dark7Qx6DCX3y4qQRZDxLcqy8Mait3MQk">1Dark7Qx6DCX3y4qQRZDxLcqy8Mait3MQk</a>.', u'nickname': u'Default Marketplace', u'signature': u'3046022100afecf3c14e7f5839efe10818c8d01c9f04a47e633cdbe36cc4833d6eedd99456022100b33b4155d0c667269f8761401539354c95959e00bc16304462fdba1e71b011ed', u'pubkey': u'02ca002092bf512c71b8b2f2a7c1e6f0ed919d16928ff610349643d70f319f8d482fe4c7002097824d8230f53f75ea537610bfc14d417cd7835becbca3397b184964bfdfbfef', u'type': u'page'}
Orders:  Collection(Database(MongoClient('localhost', 27017), u'openbazaar'), u'orders')
None
 - [2] Decrypted raw message [reputation]
 - [2] Data received: {u'reviews': [{u'rating': 10, u'pubkey': u'02ca002092bf512c71b8b2f2a7c1e6f0ed919d16928ff610349643d70f319f8d482fe4c7002097824d8230f53f75ea537610bfc14d417cd7835becbca3397b184964bfdfbfef', u'subject': u'02ca002092bf512c71b8b2f2a7c1e6f0ed919d16928ff610349643d70f319f8d482fe4c7002097824d8230f53f75ea537610bfc14d417cd7835becbca3397b184964bfdfbfef', u'sig': u'304502202ef020f8b1a07486f46cea5cc44290c1ecc11c576f9d356344a7392ab26754c8022100dde7a0361947c259faaf1f8ab0a702f0087ca442e2c4224a5871f75936d09d4c', u'text': u'Initial Review'}], u'type': u'reputation', u'pubkey': u'02ca002092bf512c71b8b2f2a7c1e6f0ed919d16928ff610349643d70f319f8d482fe4c7002097824d8230f53f75ea537610bfc14d417cd7835becbca3397b184964bfdfbfef'}
 - [2] Decrypted raw message [order]
 - [2] Data received: {u'text': u'', u'seller': u'02ca002092bf512c71b8b2f2a7c1e6f0ed919d16928ff610349643d70f319f8d482fe4c7002097824d8230f53f75ea537610bfc14d417cd7835becbca3397b184964bfdfbfef', u'state': u'new', u'address': u'', u'buyer': u'02ca00204fb8fb7396ebe75616c9404783ae1da550c3430e38a5cf258f6bd43b70ca4d1c002058e10fd204e710a336d19bb6379120abe470fd24b9556068258355e8a870fd7d', u'escrows': [u'02ca0020a9de236b47ca19e147cf2cd5b98b6600f168481da8ec0ca9ec92b59b76db1c3d0020f9038a585b93160632f1edec8278ddaeacc38a381c105860d702d7e81ffaa14d', u'02ca0020c0d9cd9bdd70c8565374ed8986ac58d24f076e9bcc401fc836352da4fc21f8490020b59dec0aff5e93184d022423893568df13ec1b8352e5f1141dbc669456af510c'], u'type': u'order', u'id': 640751}
{u'text': u'', u'seller': u'02ca002092bf512c71b8b2f2a7c1e6f0ed919d16928ff610349643d70f319f8d482fe4c7002097824d8230f53f75ea537610bfc14d417cd7835becbca3397b184964bfdfbfef', u'state': u'new', u'address': u'', u'buyer': u'02ca00204fb8fb7396ebe75616c9404783ae1da550c3430e38a5cf258f6bd43b70ca4d1c002058e10fd204e710a336d19bb6379120abe470fd24b9556068258355e8a870fd7d', u'escrows': [u'02ca0020a9de236b47ca19e147cf2cd5b98b6600f168481da8ec0ca9ec92b59b76db1c3d0020f9038a585b93160632f1edec8278ddaeacc38a381c105860d702d7e81ffaa14d', u'02ca0020c0d9cd9bdd70c8565374ed8986ac58d24f076e9bcc401fc836352da4fc21f8490020b59dec0aff5e93184d022423893568df13ec1b8352e5f1141dbc669456af510c'], u'type': u'order', u'id': 640751}
 - [2] Data sent to p2p: {u'text': u'', u'seller': u'02ca002092bf512c71b8b2f2a7c1e6f0ed919d16928ff610349643d70f319f8d482fe4c7002097824d8230f53f75ea537610bfc14d417cd7835becbca3397b184964bfdfbfef', u'state': 'accepted', u'address': '33XxZkP3SjUL8EBFoKHfjT14kpEkyEHRk5', u'buyer': u'02ca00204fb8fb7396ebe75616c9404783ae1da550c3430e38a5cf258f6bd43b70ca4d1c002058e10fd204e710a336d19bb6379120abe470fd24b9556068258355e8a870fd7d', u'escrows': [u'02ca0020a9de236b47ca19e147cf2cd5b98b6600f168481da8ec0ca9ec92b59b76db1c3d0020f9038a585b93160632f1edec8278ddaeacc38a381c105860d702d7e81ffaa14d'], u'type': u'order', u'id': 640751}
 - [2] init server 127.0.0.2 12345 * [2] Creating peer [seed] tcp://127.0.0.1:12345

 - [2] Sending unencrypted profile to tcp://127.0.0.1:12345
 - [2] [Market] Initializing
 - [2] Data sent to p2p: {'reviews': [{'rating': 10, 'sig': '3046022100cca53ec8adb6b2b72c49a4f8a6a73f471f308e0c477b47faf90c91636d2b24fa022100a5c0c35ae574f3e03a89fd407a1679c897bb3378d6b71995d6c3b13758ad3f67', 'text': 'Initial Review', 'pubkey': '02ca0020d289814678e779f11ba3a06d7f70add7d074a934fe754616dd83d9d4e607e9e20020ec47a18657c4be5be7373b7f1ee821ad26ea547c67522fc092b5356dd82911da', 'subject': '02ca0020d289814678e779f11ba3a06d7f70add7d074a934fe754616dd83d9d4e607e9e20020ec47a18657c4be5be7373b7f1ee821ad26ea547c67522fc092b5356dd82911da'}], 'pubkey': '02ca0020d289814678e779f11ba3a06d7f70add7d074a934fe754616dd83d9d4e607e9e20020ec47a18657c4be5be7373b7f1ee821ad26ea547c67522fc092b5356dd82911da', 'type': 'reputation'}
{u'state': u'accepted', u'_id': ObjectId('536008125d545c496bcbafeb')}
 - [2] [Market] Loading market config from ppl/default
 - [2] [Market] Configuration data: {"pubkey": "039e55dd799fac2ca83451dd1b5296412547c18566b321231f5d5e1222bfcb02fb", "secret": "70a4863b19407f4a872855f2b2b9062c8e18e1563a73efbe15f1df24b035e814", "nickname": "Default Marketplace", "desc": "This is a default marketplace. Public address is <a href=\"https://blockchain.info/address/1Dark7Qx6DCX3y4qQRZDxLcqy8Mait3MQk\">1Dark7Qx6DCX3y4qQRZDxLcqy8Mait3MQk</a>."}
 - [2] Decrypted raw message [hello]
 - [2] Setting public key for seed node
 * [2] Creating peer tcp://127.0.0.2:12345 02ca0020d2898146...
 - [2] [Market] New peer
 - [2] Sending encrypted profile to tcp://127.0.0.2:12345
 - [2] [Market] Tagline signature: 304502207262896de9faf28a4679221e48b530d5ab6ea72b5440065aebbd0fb5cda1fc0d022100b7f9068d99609e80e0ed51b4782aca82e7a1f0c9dee052d65443a1d13075e3ae
 - [2] Data sent to p2p: {'text': 'Market Initialized', 'type': 'shout'}
 - [2] Update peer table [2 peers]
 - [2] Decrypted raw message [hello]
 - [2] Update peer table [2 peers]
 - Started user app at http://127.0.0.2:8889
 - [2] Decrypted raw message [shout]
 - [2] Data received: {u'text': u'Market Initialized', u'type': u'shout'}
 - [2] Decrypted raw message [query_page]
 - [2] Data received: {u'type': u'query_page', u'pubkey': u'02ca0020d289814678e779f11ba3a06d7f70add7d074a934fe754616dd83d9d4e607e9e20020ec47a18657c4be5be7373b7f1ee821ad26ea547c67522fc092b5356dd82911da'}
 - [2] [Market] Someone is querying for your page
 - [2] Data sent to p2p: {'pubkey': '02ca0020d289814678e779f11ba3a06d7f70add7d074a934fe754616dd83d9d4e607e9e20020ec47a18657c4be5be7373b7f1ee821ad26ea547c67522fc092b5356dd82911da', 'text': u'Default Marketplace: This is a default marketplace. Public address is <a href="https://blockchain.info/address/1Dark7Qx6DCX3y4qQRZDxLcqy8Mait3MQk">1Dark7Qx6DCX3y4qQRZDxLcqy8Mait3MQk</a>.', 'nickname': u'Default Marketplace', 'type': 'page', 'signature': '304502207262896de9faf28a4679221e48b530d5ab6ea72b5440065aebbd0fb5cda1fc0d022100b7f9068d99609e80e0ed51b4782aca82e7a1f0c9dee052d65443a1d13075e3ae'}
 - [2] Decrypted raw message [query_reputation]
 - [2] Data received: {u'type': u'query_reputation', u'pubkey': u'02ca0020d289814678e779f11ba3a06d7f70add7d074a934fe754616dd83d9d4e607e9e20020ec47a18657c4be5be7373b7f1ee821ad26ea547c67522fc092b5356dd82911da'}
 - [2] Data sent to p2p: {'reviews': [{'rating': 10, 'sig': '3046022100cca53ec8adb6b2b72c49a4f8a6a73f471f308e0c477b47faf90c91636d2b24fa022100a5c0c35ae574f3e03a89fd407a1679c897bb3378d6b71995d6c3b13758ad3f67', 'text': 'Initial Review', 'pubkey': '02ca0020d289814678e779f11ba3a06d7f70add7d074a934fe754616dd83d9d4e607e9e20020ec47a18657c4be5be7373b7f1ee821ad26ea547c67522fc092b5356dd82911da', 'subject': '02ca0020d289814678e779f11ba3a06d7f70add7d074a934fe754616dd83d9d4e607e9e20020ec47a18657c4be5be7373b7f1ee821ad26ea547c67522fc092b5356dd82911da'}], 'pubkey': '02ca0020d289814678e779f11ba3a06d7f70add7d074a934fe754616dd83d9d4e607e9e20020ec47a18657c4be5be7373b7f1ee821ad26ea547c67522fc092b5356dd82911da', 'type': 'reputation'}
 - [2] Decrypted raw message [page]
 - [2] Data received: {u'text': u'Default Marketplace: This is a default marketplace. Public address is <a href="https://blockchain.info/address/1Dark7Qx6DCX3y4qQRZDxLcqy8Mait3MQk">1Dark7Qx6DCX3y4qQRZDxLcqy8Mait3MQk</a>.', u'nickname': u'Default Marketplace', u'signature': u'304502207262896de9faf28a4679221e48b530d5ab6ea72b5440065aebbd0fb5cda1fc0d022100b7f9068d99609e80e0ed51b4782aca82e7a1f0c9dee052d65443a1d13075e3ae', u'pubkey': u'02ca0020d289814678e779f11ba3a06d7f70add7d074a934fe754616dd83d9d4e607e9e20020ec47a18657c4be5be7373b7f1ee821ad26ea547c67522fc092b5356dd82911da', u'type': u'page'}
 - [2] [Market] Page returned: {u'text': u'Default Marketplace: This is a default marketplace. Public address is <a href="https://blockchain.info/address/1Dark7Qx6DCX3y4qQRZDxLcqy8Mait3MQk">1Dark7Qx6DCX3y4qQRZDxLcqy8Mait3MQk</a>.', u'nickname': u'Default Marketplace', u'signature': u'304502207262896de9faf28a4679221e48b530d5ab6ea72b5440065aebbd0fb5cda1fc0d022100b7f9068d99609e80e0ed51b4782aca82e7a1f0c9dee052d65443a1d13075e3ae', u'pubkey': u'02ca0020d289814678e779f11ba3a06d7f70add7d074a934fe754616dd83d9d4e607e9e20020ec47a18657c4be5be7373b7f1ee821ad26ea547c67522fc092b5356dd82911da', u'type': u'page'}
Orders:  Collection(Database(MongoClient('localhost', 27017), u'openbazaar'), u'orders')
None
 - [2] Decrypted raw message [reputation]
 - [2] Data received: {u'reviews': [{u'rating': 10, u'pubkey': u'02ca0020d289814678e779f11ba3a06d7f70add7d074a934fe754616dd83d9d4e607e9e20020ec47a18657c4be5be7373b7f1ee821ad26ea547c67522fc092b5356dd82911da', u'subject': u'02ca0020d289814678e779f11ba3a06d7f70add7d074a934fe754616dd83d9d4e607e9e20020ec47a18657c4be5be7373b7f1ee821ad26ea547c67522fc092b5356dd82911da', u'sig': u'3046022100cca53ec8adb6b2b72c49a4f8a6a73f471f308e0c477b47faf90c91636d2b24fa022100a5c0c35ae574f3e03a89fd407a1679c897bb3378d6b71995d6c3b13758ad3f67', u'text': u'Initial Review'}], u'type': u'reputation', u'pubkey': u'02ca0020d289814678e779f11ba3a06d7f70add7d074a934fe754616dd83d9d4e607e9e20020ec47a18657c4be5be7373b7f1ee821ad26ea547c67522fc092b5356dd82911da'}
 - [2] Decrypted raw message [order]
 - [2] Data received: {u'text': u'asdfsdaf', u'seller': u'02ca0020d289814678e779f11ba3a06d7f70add7d074a934fe754616dd83d9d4e607e9e20020ec47a18657c4be5be7373b7f1ee821ad26ea547c67522fc092b5356dd82911da', u'state': u'new', u'address': u'', u'buyer': u'02ca0020f3c96684b571e7d314909afa5ea330d3213df061bdfc09e0df495032bd7278d300204f8b3039cb60f21e4b56c9643c5e9e975078afbcb71331cfee7379890bc3cad1', u'escrows': [u'02ca0020a9de236b47ca19e147cf2cd5b98b6600f168481da8ec0ca9ec92b59b76db1c3d0020f9038a585b93160632f1edec8278ddaeacc38a381c105860d702d7e81ffaa14d', u'02ca0020c0d9cd9bdd70c8565374ed8986ac58d24f076e9bcc401fc836352da4fc21f8490020b59dec0aff5e93184d022423893568df13ec1b8352e5f1141dbc669456af510c'], u'type': u'order', u'id': 734169}
{u'text': u'asdfsdaf', u'seller': u'02ca0020d289814678e779f11ba3a06d7f70add7d074a934fe754616dd83d9d4e607e9e20020ec47a18657c4be5be7373b7f1ee821ad26ea547c67522fc092b5356dd82911da', u'state': u'new', u'address': u'', u'buyer': u'02ca0020f3c96684b571e7d314909afa5ea330d3213df061bdfc09e0df495032bd7278d300204f8b3039cb60f21e4b56c9643c5e9e975078afbcb71331cfee7379890bc3cad1', u'escrows': [u'02ca0020a9de236b47ca19e147cf2cd5b98b6600f168481da8ec0ca9ec92b59b76db1c3d0020f9038a585b93160632f1edec8278ddaeacc38a381c105860d702d7e81ffaa14d', u'02ca0020c0d9cd9bdd70c8565374ed8986ac58d24f076e9bcc401fc836352da4fc21f8490020b59dec0aff5e93184d022423893568df13ec1b8352e5f1141dbc669456af510c'], u'type': u'order', u'id': 734169}
 - [2] Data sent to p2p: {u'text': u'asdfsdaf', u'seller': u'02ca0020d289814678e779f11ba3a06d7f70add7d074a934fe754616dd83d9d4e607e9e20020ec47a18657c4be5be7373b7f1ee821ad26ea547c67522fc092b5356dd82911da', u'state': 'accepted', u'address': '3QEnSpDcihPg2knnzZX7BApAH5qYMdb48X', u'buyer': u'02ca0020f3c96684b571e7d314909afa5ea330d3213df061bdfc09e0df495032bd7278d300204f8b3039cb60f21e4b56c9643c5e9e975078afbcb71331cfee7379890bc3cad1', u'escrows': [u'02ca0020a9de236b47ca19e147cf2cd5b98b6600f168481da8ec0ca9ec92b59b76db1c3d0020f9038a585b93160632f1edec8278ddaeacc38a381c105860d702d7e81ffaa14d'], u'type': u'order', u'id': 734169}
Failed
 - [2] Decrypted raw message [order]
 - [2] Data received: {u'text': u'asfadsf', u'seller': u'02ca0020d289814678e779f11ba3a06d7f70add7d074a934fe754616dd83d9d4e607e9e20020ec47a18657c4be5be7373b7f1ee821ad26ea547c67522fc092b5356dd82911da', u'state': u'new', u'address': u'', u'buyer': u'02ca0020f3c96684b571e7d314909afa5ea330d3213df061bdfc09e0df495032bd7278d300204f8b3039cb60f21e4b56c9643c5e9e975078afbcb71331cfee7379890bc3cad1', u'escrows': [u'02ca0020a9de236b47ca19e147cf2cd5b98b6600f168481da8ec0ca9ec92b59b76db1c3d0020f9038a585b93160632f1edec8278ddaeacc38a381c105860d702d7e81ffaa14d', u'02ca0020c0d9cd9bdd70c8565374ed8986ac58d24f076e9bcc401fc836352da4fc21f8490020b59dec0aff5e93184d022423893568df13ec1b8352e5f1141dbc669456af510c'], u'type': u'order', u'id': 992145}
{u'text': u'asfadsf', u'seller': u'02ca0020d289814678e779f11ba3a06d7f70add7d074a934fe754616dd83d9d4e607e9e20020ec47a18657c4be5be7373b7f1ee821ad26ea547c67522fc092b5356dd82911da', u'state': u'new', u'address': u'', u'buyer': u'02ca0020f3c96684b571e7d314909afa5ea330d3213df061bdfc09e0df495032bd7278d300204f8b3039cb60f21e4b56c9643c5e9e975078afbcb71331cfee7379890bc3cad1', u'escrows': [u'02ca0020a9de236b47ca19e147cf2cd5b98b6600f168481da8ec0ca9ec92b59b76db1c3d0020f9038a585b93160632f1edec8278ddaeacc38a381c105860d702d7e81ffaa14d', u'02ca0020c0d9cd9bdd70c8565374ed8986ac58d24f076e9bcc401fc836352da4fc21f8490020b59dec0aff5e93184d022423893568df13ec1b8352e5f1141dbc669456af510c'], u'type': u'order', u'id': 992145}
 - [2] Data sent to p2p: {u'text': u'asfadsf', u'seller': u'02ca0020d289814678e779f11ba3a06d7f70add7d074a934fe754616dd83d9d4e607e9e20020ec47a18657c4be5be7373b7f1ee821ad26ea547c67522fc092b5356dd82911da', u'state': 'accepted', u'address': '3QEnSpDcihPg2knnzZX7BApAH5qYMdb48X', u'buyer': u'02ca0020f3c96684b571e7d314909afa5ea330d3213df061bdfc09e0df495032bd7278d300204f8b3039cb60f21e4b56c9643c5e9e975078afbcb71331cfee7379890bc3cad1', u'escrows': [u'02ca0020a9de236b47ca19e147cf2cd5b98b6600f168481da8ec0ca9ec92b59b76db1c3d0020f9038a585b93160632f1edec8278ddaeacc38a381c105860d702d7e81ffaa14d'], u'type': u'order', u'id': 992145}
