You provided no SEED_URI. You should call like [market myip seeduri]
 - [1] init server 127.0.0.1 12345
 - [1] [Market] Initializing
 - [1] Data sent to p2p: {'reviews': [{'rating': 10, 'sig': '304502203bee5e84dd72fba5df5bc958245c5441b9de0edb0bd5558b9706e77295a8f6b7022100e092efcd64f0db8b543ef4f97140fd819e6fe2a8fcc6bea0bcb8546752a13173', 'text': 'Initial Review', 'pubkey': '02ca0020111a5f6fb215a9f1edd7c5a301ddce05306ad4c02e8a28b13c7ca370c4fd96ef002033098368f8ffb3d5005de4d261c6fa467e3ab0063044e1b84c87de10643a1792', 'subject': '02ca0020111a5f6fb215a9f1edd7c5a301ddce05306ad4c02e8a28b13c7ca370c4fd96ef002033098368f8ffb3d5005de4d261c6fa467e3ab0063044e1b84c87de10643a1792'}], 'pubkey': '02ca0020111a5f6fb215a9f1edd7c5a301ddce05306ad4c02e8a28b13c7ca370c4fd96ef002033098368f8ffb3d5005de4d261c6fa467e3ab0063044e1b84c87de10643a1792', 'type': 'reputation'}
 - [1] [Market] Loading market config from ppl/default
 - [1] [Market] Configuration data: {"pubkey": "039e55dd799fac2ca83451dd1b5296412547c18566b321231f5d5e1222bfcb02fb", "secret": "70a4863b19407f4a872855f2b2b9062c8e18e1563a73efbe15f1df24b035e814", "nickname": "Default Marketplace", "desc": "This is a default marketplace. Public address is <a href=\"https://blockchain.info/address/1Dark7Qx6DCX3y4qQRZDxLcqy8Mait3MQk\">1Dark7Qx6DCX3y4qQRZDxLcqy8Mait3MQk</a>."}
 - [1] [Market] Tagline signature: 304502204018659ba890ca621421a396505014550f7825348af4ecd3b51bff8256d637f7022100d28248a34b04efbb64c729d2f2e4fec74d1c7bedcd3d81521e2d1fba2c3cc5ce
 - [1] Data sent to p2p: {'text': 'Market Initialized', 'type': 'shout'}
 - Started user app at http://127.0.0.1:8888
 - [1] receive [hello]
 * [1] Creating peer tcp://127.0.0.2:12345 02ca00205b3ddde1...
 - [1] [Market] New peer
 - [1] Sending encrypted profile to tcp://127.0.0.2:12345
 - [1] Update peer table [1 peers]
 - [1] receive [reputation]
 - [1] Data received: {u'reviews': [{u'rating': 10, u'pubkey': u'02ca00205b3ddde1b9fcfc2e0af6455ed4af954b1b75517221e94812e7f94dddc24f60a00020d2c49b80ad00dd62143cc9676a7c54eb8034a358b9ac3d3231866b27c560d749', u'subject': u'02ca00205b3ddde1b9fcfc2e0af6455ed4af954b1b75517221e94812e7f94dddc24f60a00020d2c49b80ad00dd62143cc9676a7c54eb8034a358b9ac3d3231866b27c560d749', u'sig': u'3045022100e13ba87665b7778a92fa9f2c47a08350260533034f481a85a3d5b3aa5da9640502204e018d70c6b2e5dda827320e61394f78e52be6b350e81ad02914a9f615f4c59e', u'text': u'Initial Review'}], u'type': u'reputation', u'pubkey': u'02ca00205b3ddde1b9fcfc2e0af6455ed4af954b1b75517221e94812e7f94dddc24f60a00020d2c49b80ad00dd62143cc9676a7c54eb8034a358b9ac3d3231866b27c560d749'}
 - [1] Decrypted raw message [shout]
 - [1] Data received: {u'text': u'Market Initialized', u'type': u'shout'}
 - [1] Initialize websockethandler
 - [1] Websocket open
Websocket open
My Public Key:  <pyelliptic.ecc.ECC instance at 0x103b80f80>
Message:  {u'pubkey': u'02ca00205b3ddde1b9fcfc2e0af6455ed4af954b1b75517221e94812e7f94dddc24f60a00020d2c49b80ad00dd62143cc9676a7c54eb8034a358b9ac3d3231866b27c560d749', u'type': u'query_page'}
 - [1] Data sent to p2p: {'pubkey': '02ca00205b3ddde1b9fcfc2e0af6455ed4af954b1b75517221e94812e7f94dddc24f60a00020d2c49b80ad00dd62143cc9676a7c54eb8034a358b9ac3d3231866b27c560d749', 'type': 'query_page'}
 - [1] Data sent to p2p: {'pubkey': '02ca00205b3ddde1b9fcfc2e0af6455ed4af954b1b75517221e94812e7f94dddc24f60a00020d2c49b80ad00dd62143cc9676a7c54eb8034a358b9ac3d3231866b27c560d749', 'type': 'query_reputation'}
 - [1] Decrypted raw message [page]
 - [1] Data received: {u'text': u'Default Marketplace: This is a default marketplace. Public address is <a href="https://blockchain.info/address/1Dark7Qx6DCX3y4qQRZDxLcqy8Mait3MQk">1Dark7Qx6DCX3y4qQRZDxLcqy8Mait3MQk</a>.', u'nickname': u'Default Marketplace', u'signature': u'3045022100a16f6e00f83a61927f4aebdbac705b1af935d6642968651847563339e85b02be02202e606eab22eedafa25c8d92df224cc569dc98c8f4ba243055f73b7425472645d', u'pubkey': u'02ca00205b3ddde1b9fcfc2e0af6455ed4af954b1b75517221e94812e7f94dddc24f60a00020d2c49b80ad00dd62143cc9676a7c54eb8034a358b9ac3d3231866b27c560d749', u'type': u'page'}
 - [1] [Market] Page returned: {u'text': u'Default Marketplace: This is a default marketplace. Public address is <a href="https://blockchain.info/address/1Dark7Qx6DCX3y4qQRZDxLcqy8Mait3MQk">1Dark7Qx6DCX3y4qQRZDxLcqy8Mait3MQk</a>.', u'nickname': u'Default Marketplace', u'signature': u'3045022100a16f6e00f83a61927f4aebdbac705b1af935d6642968651847563339e85b02be02202e606eab22eedafa25c8d92df224cc569dc98c8f4ba243055f73b7425472645d', u'pubkey': u'02ca00205b3ddde1b9fcfc2e0af6455ed4af954b1b75517221e94812e7f94dddc24f60a00020d2c49b80ad00dd62143cc9676a7c54eb8034a358b9ac3d3231866b27c560d749', u'type': u'page'}
 - [1] Decrypted raw message [reputation]
 - [1] Data received: {u'reviews': [{u'rating': 10, u'pubkey': u'02ca00205b3ddde1b9fcfc2e0af6455ed4af954b1b75517221e94812e7f94dddc24f60a00020d2c49b80ad00dd62143cc9676a7c54eb8034a358b9ac3d3231866b27c560d749', u'subject': u'02ca00205b3ddde1b9fcfc2e0af6455ed4af954b1b75517221e94812e7f94dddc24f60a00020d2c49b80ad00dd62143cc9676a7c54eb8034a358b9ac3d3231866b27c560d749', u'sig': u'3045022100e13ba87665b7778a92fa9f2c47a08350260533034f481a85a3d5b3aa5da9640502204e018d70c6b2e5dda827320e61394f78e52be6b350e81ad02914a9f615f4c59e', u'text': u'Initial Review'}], u'type': u'reputation', u'pubkey': u'02ca00205b3ddde1b9fcfc2e0af6455ed4af954b1b75517221e94812e7f94dddc24f60a00020d2c49b80ad00dd62143cc9676a7c54eb8034a358b9ac3d3231866b27c560d749'}
 - [1] Data sent to p2p: {'text': u'test', 'escrows': ['02ca0020a9de236b47ca19e147cf2cd5b98b6600f168481da8ec0ca9ec92b59b76db1c3d0020f9038a585b93160632f1edec8278ddaeacc38a381c105860d702d7e81ffaa14d', '02ca0020c0d9cd9bdd70c8565374ed8986ac58d24f076e9bcc401fc836352da4fc21f8490020b59dec0aff5e93184d022423893568df13ec1b8352e5f1141dbc669456af510c'], 'state': 'new', 'address': '', 'buyer': '02ca0020111a5f6fb215a9f1edd7c5a301ddce05306ad4c02e8a28b13c7ca370c4fd96ef002033098368f8ffb3d5005de4d261c6fa467e3ab0063044e1b84c87de10643a1792', 'seller': '02ca00205b3ddde1b9fcfc2e0af6455ed4af954b1b75517221e94812e7f94dddc24f60a00020d2c49b80ad00dd62143cc9676a7c54eb8034a358b9ac3d3231866b27c560d749', 'type': 'order', 'id': 987699}
Failed
 - [1] Decrypted raw message [order]
 - [1] Data received: {u'text': u'test', u'escrows': [u'02ca0020a9de236b47ca19e147cf2cd5b98b6600f168481da8ec0ca9ec92b59b76db1c3d0020f9038a585b93160632f1edec8278ddaeacc38a381c105860d702d7e81ffaa14d'], u'state': u'accepted', u'address': u'3AnXuyZAqWnFYCPtQSn9aqcakMnJ5rspSq', u'buyer': u'02ca0020111a5f6fb215a9f1edd7c5a301ddce05306ad4c02e8a28b13c7ca370c4fd96ef002033098368f8ffb3d5005de4d261c6fa467e3ab0063044e1b84c87de10643a1792', u'seller': u'02ca00205b3ddde1b9fcfc2e0af6455ed4af954b1b75517221e94812e7f94dddc24f60a00020d2c49b80ad00dd62143cc9676a7c54eb8034a358b9ac3d3231866b27c560d749', u'type': u'order', u'id': 987699}
Message:  {u'pubkey': u'02ca00205b3ddde1b9fcfc2e0af6455ed4af954b1b75517221e94812e7f94dddc24f60a00020d2c49b80ad00dd62143cc9676a7c54eb8034a358b9ac3d3231866b27c560d749', u'type': u'query_page'}
 - [1] Data sent to p2p: {'pubkey': '02ca00205b3ddde1b9fcfc2e0af6455ed4af954b1b75517221e94812e7f94dddc24f60a00020d2c49b80ad00dd62143cc9676a7c54eb8034a358b9ac3d3231866b27c560d749', 'type': 'query_page'}
 - [1] Data sent to p2p: {'pubkey': '02ca00205b3ddde1b9fcfc2e0af6455ed4af954b1b75517221e94812e7f94dddc24f60a00020d2c49b80ad00dd62143cc9676a7c54eb8034a358b9ac3d3231866b27c560d749', 'type': 'query_reputation'}
 - [1] Decrypted raw message [page]
 - [1] Data received: {u'text': u'Default Marketplace: This is a default marketplace. Public address is <a href="https://blockchain.info/address/1Dark7Qx6DCX3y4qQRZDxLcqy8Mait3MQk">1Dark7Qx6DCX3y4qQRZDxLcqy8Mait3MQk</a>.', u'nickname': u'Default Marketplace', u'signature': u'3045022100a16f6e00f83a61927f4aebdbac705b1af935d6642968651847563339e85b02be02202e606eab22eedafa25c8d92df224cc569dc98c8f4ba243055f73b7425472645d', u'pubkey': u'02ca00205b3ddde1b9fcfc2e0af6455ed4af954b1b75517221e94812e7f94dddc24f60a00020d2c49b80ad00dd62143cc9676a7c54eb8034a358b9ac3d3231866b27c560d749', u'type': u'page'}
 - [1] [Market] Page returned: {u'text': u'Default Marketplace: This is a default marketplace. Public address is <a href="https://blockchain.info/address/1Dark7Qx6DCX3y4qQRZDxLcqy8Mait3MQk">1Dark7Qx6DCX3y4qQRZDxLcqy8Mait3MQk</a>.', u'nickname': u'Default Marketplace', u'signature': u'3045022100a16f6e00f83a61927f4aebdbac705b1af935d6642968651847563339e85b02be02202e606eab22eedafa25c8d92df224cc569dc98c8f4ba243055f73b7425472645d', u'pubkey': u'02ca00205b3ddde1b9fcfc2e0af6455ed4af954b1b75517221e94812e7f94dddc24f60a00020d2c49b80ad00dd62143cc9676a7c54eb8034a358b9ac3d3231866b27c560d749', u'type': u'page'}
 - [1] Decrypted raw message [reputation]
 - [1] Data received: {u'reviews': [{u'rating': 10, u'pubkey': u'02ca00205b3ddde1b9fcfc2e0af6455ed4af954b1b75517221e94812e7f94dddc24f60a00020d2c49b80ad00dd62143cc9676a7c54eb8034a358b9ac3d3231866b27c560d749', u'subject': u'02ca00205b3ddde1b9fcfc2e0af6455ed4af954b1b75517221e94812e7f94dddc24f60a00020d2c49b80ad00dd62143cc9676a7c54eb8034a358b9ac3d3231866b27c560d749', u'sig': u'3045022100e13ba87665b7778a92fa9f2c47a08350260533034f481a85a3d5b3aa5da9640502204e018d70c6b2e5dda827320e61394f78e52be6b350e81ad02914a9f615f4c59e', u'text': u'Initial Review'}], u'type': u'reputation', u'pubkey': u'02ca00205b3ddde1b9fcfc2e0af6455ed4af954b1b75517221e94812e7f94dddc24f60a00020d2c49b80ad00dd62143cc9676a7c54eb8034a358b9ac3d3231866b27c560d749'}
Order cancelled
 - [1] websocket closed
 - [1] Initialize websockethandler
 - [1] Websocket open
Websocket open
My Public Key:  <pyelliptic.ecc.ECC instance at 0x103b80f80>
Message:  {u'pubkey': u'02ca00205b3ddde1b9fcfc2e0af6455ed4af954b1b75517221e94812e7f94dddc24f60a00020d2c49b80ad00dd62143cc9676a7c54eb8034a358b9ac3d3231866b27c560d749', u'type': u'query_page'}
 - [1] Data sent to p2p: {'pubkey': '02ca00205b3ddde1b9fcfc2e0af6455ed4af954b1b75517221e94812e7f94dddc24f60a00020d2c49b80ad00dd62143cc9676a7c54eb8034a358b9ac3d3231866b27c560d749', 'type': 'query_page'}
 - [1] Data sent to p2p: {'pubkey': '02ca00205b3ddde1b9fcfc2e0af6455ed4af954b1b75517221e94812e7f94dddc24f60a00020d2c49b80ad00dd62143cc9676a7c54eb8034a358b9ac3d3231866b27c560d749', 'type': 'query_reputation'}
 - [1] Decrypted raw message [page]
 - [1] Data received: {u'text': u'Default Marketplace: This is a default marketplace. Public address is <a href="https://blockchain.info/address/1Dark7Qx6DCX3y4qQRZDxLcqy8Mait3MQk">1Dark7Qx6DCX3y4qQRZDxLcqy8Mait3MQk</a>.', u'nickname': u'Default Marketplace', u'signature': u'3045022100a16f6e00f83a61927f4aebdbac705b1af935d6642968651847563339e85b02be02202e606eab22eedafa25c8d92df224cc569dc98c8f4ba243055f73b7425472645d', u'pubkey': u'02ca00205b3ddde1b9fcfc2e0af6455ed4af954b1b75517221e94812e7f94dddc24f60a00020d2c49b80ad00dd62143cc9676a7c54eb8034a358b9ac3d3231866b27c560d749', u'type': u'page'}
 - [1] [Market] Page returned: {u'text': u'Default Marketplace: This is a default marketplace. Public address is <a href="https://blockchain.info/address/1Dark7Qx6DCX3y4qQRZDxLcqy8Mait3MQk">1Dark7Qx6DCX3y4qQRZDxLcqy8Mait3MQk</a>.', u'nickname': u'Default Marketplace', u'signature': u'3045022100a16f6e00f83a61927f4aebdbac705b1af935d6642968651847563339e85b02be02202e606eab22eedafa25c8d92df224cc569dc98c8f4ba243055f73b7425472645d', u'pubkey': u'02ca00205b3ddde1b9fcfc2e0af6455ed4af954b1b75517221e94812e7f94dddc24f60a00020d2c49b80ad00dd62143cc9676a7c54eb8034a358b9ac3d3231866b27c560d749', u'type': u'page'}
 - [1] Decrypted raw message [reputation]
 - [1] Data received: {u'reviews': [{u'rating': 10, u'pubkey': u'02ca00205b3ddde1b9fcfc2e0af6455ed4af954b1b75517221e94812e7f94dddc24f60a00020d2c49b80ad00dd62143cc9676a7c54eb8034a358b9ac3d3231866b27c560d749', u'subject': u'02ca00205b3ddde1b9fcfc2e0af6455ed4af954b1b75517221e94812e7f94dddc24f60a00020d2c49b80ad00dd62143cc9676a7c54eb8034a358b9ac3d3231866b27c560d749', u'sig': u'3045022100e13ba87665b7778a92fa9f2c47a08350260533034f481a85a3d5b3aa5da9640502204e018d70c6b2e5dda827320e61394f78e52be6b350e81ad02914a9f615f4c59e', u'text': u'Initial Review'}], u'type': u'reputation', u'pubkey': u'02ca00205b3ddde1b9fcfc2e0af6455ed4af954b1b75517221e94812e7f94dddc24f60a00020d2c49b80ad00dd62143cc9676a7c54eb8034a358b9ac3d3231866b27c560d749'}
 - [1] Data sent to p2p: {'text': u'asdf', 'escrows': ['02ca0020a9de236b47ca19e147cf2cd5b98b6600f168481da8ec0ca9ec92b59b76db1c3d0020f9038a585b93160632f1edec8278ddaeacc38a381c105860d702d7e81ffaa14d', '02ca0020c0d9cd9bdd70c8565374ed8986ac58d24f076e9bcc401fc836352da4fc21f8490020b59dec0aff5e93184d022423893568df13ec1b8352e5f1141dbc669456af510c'], 'state': 'new', 'address': '', 'buyer': '02ca0020111a5f6fb215a9f1edd7c5a301ddce05306ad4c02e8a28b13c7ca370c4fd96ef002033098368f8ffb3d5005de4d261c6fa467e3ab0063044e1b84c87de10643a1792', 'seller': '02ca00205b3ddde1b9fcfc2e0af6455ed4af954b1b75517221e94812e7f94dddc24f60a00020d2c49b80ad00dd62143cc9676a7c54eb8034a358b9ac3d3231866b27c560d749', 'type': 'order', 'id': 964375}
Failed
 - [1] Decrypted raw message [order]
 - [1] Data received: {u'text': u'asdf', u'escrows': [u'02ca0020a9de236b47ca19e147cf2cd5b98b6600f168481da8ec0ca9ec92b59b76db1c3d0020f9038a585b93160632f1edec8278ddaeacc38a381c105860d702d7e81ffaa14d'], u'state': u'accepted', u'address': u'3AnXuyZAqWnFYCPtQSn9aqcakMnJ5rspSq', u'buyer': u'02ca0020111a5f6fb215a9f1edd7c5a301ddce05306ad4c02e8a28b13c7ca370c4fd96ef002033098368f8ffb3d5005de4d261c6fa467e3ab0063044e1b84c87de10643a1792', u'seller': u'02ca00205b3ddde1b9fcfc2e0af6455ed4af954b1b75517221e94812e7f94dddc24f60a00020d2c49b80ad00dd62143cc9676a7c54eb8034a358b9ac3d3231866b27c560d749', u'type': u'order', u'id': 964375}
Message:  {u'pubkey': u'02ca00205b3ddde1b9fcfc2e0af6455ed4af954b1b75517221e94812e7f94dddc24f60a00020d2c49b80ad00dd62143cc9676a7c54eb8034a358b9ac3d3231866b27c560d749', u'type': u'query_page'}
 - [1] Data sent to p2p: {'pubkey': '02ca00205b3ddde1b9fcfc2e0af6455ed4af954b1b75517221e94812e7f94dddc24f60a00020d2c49b80ad00dd62143cc9676a7c54eb8034a358b9ac3d3231866b27c560d749', 'type': 'query_page'}
 - [1] Data sent to p2p: {'pubkey': '02ca00205b3ddde1b9fcfc2e0af6455ed4af954b1b75517221e94812e7f94dddc24f60a00020d2c49b80ad00dd62143cc9676a7c54eb8034a358b9ac3d3231866b27c560d749', 'type': 'query_reputation'}
 - [1] Decrypted raw message [page]
 - [1] Data received: {u'text': u'Default Marketplace: This is a default marketplace. Public address is <a href="https://blockchain.info/address/1Dark7Qx6DCX3y4qQRZDxLcqy8Mait3MQk">1Dark7Qx6DCX3y4qQRZDxLcqy8Mait3MQk</a>.', u'nickname': u'Default Marketplace', u'signature': u'3045022100a16f6e00f83a61927f4aebdbac705b1af935d6642968651847563339e85b02be02202e606eab22eedafa25c8d92df224cc569dc98c8f4ba243055f73b7425472645d', u'pubkey': u'02ca00205b3ddde1b9fcfc2e0af6455ed4af954b1b75517221e94812e7f94dddc24f60a00020d2c49b80ad00dd62143cc9676a7c54eb8034a358b9ac3d3231866b27c560d749', u'type': u'page'}
 - [1] [Market] Page returned: {u'text': u'Default Marketplace: This is a default marketplace. Public address is <a href="https://blockchain.info/address/1Dark7Qx6DCX3y4qQRZDxLcqy8Mait3MQk">1Dark7Qx6DCX3y4qQRZDxLcqy8Mait3MQk</a>.', u'nickname': u'Default Marketplace', u'signature': u'3045022100a16f6e00f83a61927f4aebdbac705b1af935d6642968651847563339e85b02be02202e606eab22eedafa25c8d92df224cc569dc98c8f4ba243055f73b7425472645d', u'pubkey': u'02ca00205b3ddde1b9fcfc2e0af6455ed4af954b1b75517221e94812e7f94dddc24f60a00020d2c49b80ad00dd62143cc9676a7c54eb8034a358b9ac3d3231866b27c560d749', u'type': u'page'}
 - [1] Decrypted raw message [reputation]
 - [1] Data received: {u'reviews': [{u'rating': 10, u'pubkey': u'02ca00205b3ddde1b9fcfc2e0af6455ed4af954b1b75517221e94812e7f94dddc24f60a00020d2c49b80ad00dd62143cc9676a7c54eb8034a358b9ac3d3231866b27c560d749', u'subject': u'02ca00205b3ddde1b9fcfc2e0af6455ed4af954b1b75517221e94812e7f94dddc24f60a00020d2c49b80ad00dd62143cc9676a7c54eb8034a358b9ac3d3231866b27c560d749', u'sig': u'3045022100e13ba87665b7778a92fa9f2c47a08350260533034f481a85a3d5b3aa5da9640502204e018d70c6b2e5dda827320e61394f78e52be6b350e81ad02914a9f615f4c59e', u'text': u'Initial Review'}], u'type': u'reputation', u'pubkey': u'02ca00205b3ddde1b9fcfc2e0af6455ed4af954b1b75517221e94812e7f94dddc24f60a00020d2c49b80ad00dd62143cc9676a7c54eb8034a358b9ac3d3231866b27c560d749'}
Order cancelled
 - [1] websocket closed
 - [1] Initialize websockethandler
 - [1] Websocket open
Websocket open
My Public Key:  <pyelliptic.ecc.ECC instance at 0x103b80f80>
Message:  {u'pubkey': u'02ca00205b3ddde1b9fcfc2e0af6455ed4af954b1b75517221e94812e7f94dddc24f60a00020d2c49b80ad00dd62143cc9676a7c54eb8034a358b9ac3d3231866b27c560d749', u'type': u'query_page'}
 - [1] Data sent to p2p: {'pubkey': '02ca00205b3ddde1b9fcfc2e0af6455ed4af954b1b75517221e94812e7f94dddc24f60a00020d2c49b80ad00dd62143cc9676a7c54eb8034a358b9ac3d3231866b27c560d749', 'type': 'query_page'}
 - [1] Data sent to p2p: {'pubkey': '02ca00205b3ddde1b9fcfc2e0af6455ed4af954b1b75517221e94812e7f94dddc24f60a00020d2c49b80ad00dd62143cc9676a7c54eb8034a358b9ac3d3231866b27c560d749', 'type': 'query_reputation'}
 - [1] Decrypted raw message [page]
 - [1] Data received: {u'text': u'Default Marketplace: This is a default marketplace. Public address is <a href="https://blockchain.info/address/1Dark7Qx6DCX3y4qQRZDxLcqy8Mait3MQk">1Dark7Qx6DCX3y4qQRZDxLcqy8Mait3MQk</a>.', u'nickname': u'Default Marketplace', u'signature': u'3045022100a16f6e00f83a61927f4aebdbac705b1af935d6642968651847563339e85b02be02202e606eab22eedafa25c8d92df224cc569dc98c8f4ba243055f73b7425472645d', u'pubkey': u'02ca00205b3ddde1b9fcfc2e0af6455ed4af954b1b75517221e94812e7f94dddc24f60a00020d2c49b80ad00dd62143cc9676a7c54eb8034a358b9ac3d3231866b27c560d749', u'type': u'page'}
 - [1] [Market] Page returned: {u'text': u'Default Marketplace: This is a default marketplace. Public address is <a href="https://blockchain.info/address/1Dark7Qx6DCX3y4qQRZDxLcqy8Mait3MQk">1Dark7Qx6DCX3y4qQRZDxLcqy8Mait3MQk</a>.', u'nickname': u'Default Marketplace', u'signature': u'3045022100a16f6e00f83a61927f4aebdbac705b1af935d6642968651847563339e85b02be02202e606eab22eedafa25c8d92df224cc569dc98c8f4ba243055f73b7425472645d', u'pubkey': u'02ca00205b3ddde1b9fcfc2e0af6455ed4af954b1b75517221e94812e7f94dddc24f60a00020d2c49b80ad00dd62143cc9676a7c54eb8034a358b9ac3d3231866b27c560d749', u'type': u'page'}
 - [1] Decrypted raw message [reputation]
 - [1] Data received: {u'reviews': [{u'rating': 10, u'pubkey': u'02ca00205b3ddde1b9fcfc2e0af6455ed4af954b1b75517221e94812e7f94dddc24f60a00020d2c49b80ad00dd62143cc9676a7c54eb8034a358b9ac3d3231866b27c560d749', u'subject': u'02ca00205b3ddde1b9fcfc2e0af6455ed4af954b1b75517221e94812e7f94dddc24f60a00020d2c49b80ad00dd62143cc9676a7c54eb8034a358b9ac3d3231866b27c560d749', u'sig': u'3045022100e13ba87665b7778a92fa9f2c47a08350260533034f481a85a3d5b3aa5da9640502204e018d70c6b2e5dda827320e61394f78e52be6b350e81ad02914a9f615f4c59e', u'text': u'Initial Review'}], u'type': u'reputation', u'pubkey': u'02ca00205b3ddde1b9fcfc2e0af6455ed4af954b1b75517221e94812e7f94dddc24f60a00020d2c49b80ad00dd62143cc9676a7c54eb8034a358b9ac3d3231866b27c560d749'}
 - [1] Data sent to p2p: {'text': u'asfsdf', 'escrows': ['02ca0020a9de236b47ca19e147cf2cd5b98b6600f168481da8ec0ca9ec92b59b76db1c3d0020f9038a585b93160632f1edec8278ddaeacc38a381c105860d702d7e81ffaa14d', '02ca0020c0d9cd9bdd70c8565374ed8986ac58d24f076e9bcc401fc836352da4fc21f8490020b59dec0aff5e93184d022423893568df13ec1b8352e5f1141dbc669456af510c'], 'state': 'new', 'address': '', 'buyer': '02ca0020111a5f6fb215a9f1edd7c5a301ddce05306ad4c02e8a28b13c7ca370c4fd96ef002033098368f8ffb3d5005de4d261c6fa467e3ab0063044e1b84c87de10643a1792', 'seller': '02ca00205b3ddde1b9fcfc2e0af6455ed4af954b1b75517221e94812e7f94dddc24f60a00020d2c49b80ad00dd62143cc9676a7c54eb8034a358b9ac3d3231866b27c560d749', 'type': 'order', 'id': 935169}
Failed
 - [1] Decrypted raw message [order]
 - [1] Data received: {u'text': u'asfsdf', u'escrows': [u'02ca0020a9de236b47ca19e147cf2cd5b98b6600f168481da8ec0ca9ec92b59b76db1c3d0020f9038a585b93160632f1edec8278ddaeacc38a381c105860d702d7e81ffaa14d'], u'state': u'accepted', u'address': u'3AnXuyZAqWnFYCPtQSn9aqcakMnJ5rspSq', u'buyer': u'02ca0020111a5f6fb215a9f1edd7c5a301ddce05306ad4c02e8a28b13c7ca370c4fd96ef002033098368f8ffb3d5005de4d261c6fa467e3ab0063044e1b84c87de10643a1792', u'seller': u'02ca00205b3ddde1b9fcfc2e0af6455ed4af954b1b75517221e94812e7f94dddc24f60a00020d2c49b80ad00dd62143cc9676a7c54eb8034a358b9ac3d3231866b27c560d749', u'type': u'order', u'id': 935169}
Message:  {u'pubkey': u'02ca00205b3ddde1b9fcfc2e0af6455ed4af954b1b75517221e94812e7f94dddc24f60a00020d2c49b80ad00dd62143cc9676a7c54eb8034a358b9ac3d3231866b27c560d749', u'type': u'query_page'}
 - [1] Data sent to p2p: {'pubkey': '02ca00205b3ddde1b9fcfc2e0af6455ed4af954b1b75517221e94812e7f94dddc24f60a00020d2c49b80ad00dd62143cc9676a7c54eb8034a358b9ac3d3231866b27c560d749', 'type': 'query_page'}
 - [1] Data sent to p2p: {'pubkey': '02ca00205b3ddde1b9fcfc2e0af6455ed4af954b1b75517221e94812e7f94dddc24f60a00020d2c49b80ad00dd62143cc9676a7c54eb8034a358b9ac3d3231866b27c560d749', 'type': 'query_reputation'}
 - [1] Decrypted raw message [page]
 - [1] Data received: {u'text': u'Default Marketplace: This is a default marketplace. Public address is <a href="https://blockchain.info/address/1Dark7Qx6DCX3y4qQRZDxLcqy8Mait3MQk">1Dark7Qx6DCX3y4qQRZDxLcqy8Mait3MQk</a>.', u'nickname': u'Default Marketplace', u'signature': u'3045022100a16f6e00f83a61927f4aebdbac705b1af935d6642968651847563339e85b02be02202e606eab22eedafa25c8d92df224cc569dc98c8f4ba243055f73b7425472645d', u'pubkey': u'02ca00205b3ddde1b9fcfc2e0af6455ed4af954b1b75517221e94812e7f94dddc24f60a00020d2c49b80ad00dd62143cc9676a7c54eb8034a358b9ac3d3231866b27c560d749', u'type': u'page'}
 - [1] [Market] Page returned: {u'text': u'Default Marketplace: This is a default marketplace. Public address is <a href="https://blockchain.info/address/1Dark7Qx6DCX3y4qQRZDxLcqy8Mait3MQk">1Dark7Qx6DCX3y4qQRZDxLcqy8Mait3MQk</a>.', u'nickname': u'Default Marketplace', u'signature': u'3045022100a16f6e00f83a61927f4aebdbac705b1af935d6642968651847563339e85b02be02202e606eab22eedafa25c8d92df224cc569dc98c8f4ba243055f73b7425472645d', u'pubkey': u'02ca00205b3ddde1b9fcfc2e0af6455ed4af954b1b75517221e94812e7f94dddc24f60a00020d2c49b80ad00dd62143cc9676a7c54eb8034a358b9ac3d3231866b27c560d749', u'type': u'page'}
 - [1] Decrypted raw message [reputation]
 - [1] Data received: {u'reviews': [{u'rating': 10, u'pubkey': u'02ca00205b3ddde1b9fcfc2e0af6455ed4af954b1b75517221e94812e7f94dddc24f60a00020d2c49b80ad00dd62143cc9676a7c54eb8034a358b9ac3d3231866b27c560d749', u'subject': u'02ca00205b3ddde1b9fcfc2e0af6455ed4af954b1b75517221e94812e7f94dddc24f60a00020d2c49b80ad00dd62143cc9676a7c54eb8034a358b9ac3d3231866b27c560d749', u'sig': u'3045022100e13ba87665b7778a92fa9f2c47a08350260533034f481a85a3d5b3aa5da9640502204e018d70c6b2e5dda827320e61394f78e52be6b350e81ad02914a9f615f4c59e', u'text': u'Initial Review'}], u'type': u'reputation', u'pubkey': u'02ca00205b3ddde1b9fcfc2e0af6455ed4af954b1b75517221e94812e7f94dddc24f60a00020d2c49b80ad00dd62143cc9676a7c54eb8034a358b9ac3d3231866b27c560d749'}
Order cancelled
 - [1] websocket closed
 - [1] Initialize websockethandler
 - [1] Websocket open
Websocket open
My Public Key:  <pyelliptic.ecc.ECC instance at 0x103b80f80>
Message:  {u'pubkey': u'02ca00205b3ddde1b9fcfc2e0af6455ed4af954b1b75517221e94812e7f94dddc24f60a00020d2c49b80ad00dd62143cc9676a7c54eb8034a358b9ac3d3231866b27c560d749', u'type': u'query_page'}
 - [1] Data sent to p2p: {'pubkey': '02ca00205b3ddde1b9fcfc2e0af6455ed4af954b1b75517221e94812e7f94dddc24f60a00020d2c49b80ad00dd62143cc9676a7c54eb8034a358b9ac3d3231866b27c560d749', 'type': 'query_page'}
 - [1] Data sent to p2p: {'pubkey': '02ca00205b3ddde1b9fcfc2e0af6455ed4af954b1b75517221e94812e7f94dddc24f60a00020d2c49b80ad00dd62143cc9676a7c54eb8034a358b9ac3d3231866b27c560d749', 'type': 'query_reputation'}
 - [1] Decrypted raw message [page]
 - [1] Data received: {u'text': u'Default Marketplace: This is a default marketplace. Public address is <a href="https://blockchain.info/address/1Dark7Qx6DCX3y4qQRZDxLcqy8Mait3MQk">1Dark7Qx6DCX3y4qQRZDxLcqy8Mait3MQk</a>.', u'nickname': u'Default Marketplace', u'signature': u'3045022100a16f6e00f83a61927f4aebdbac705b1af935d6642968651847563339e85b02be02202e606eab22eedafa25c8d92df224cc569dc98c8f4ba243055f73b7425472645d', u'pubkey': u'02ca00205b3ddde1b9fcfc2e0af6455ed4af954b1b75517221e94812e7f94dddc24f60a00020d2c49b80ad00dd62143cc9676a7c54eb8034a358b9ac3d3231866b27c560d749', u'type': u'page'}
 - [1] [Market] Page returned: {u'text': u'Default Marketplace: This is a default marketplace. Public address is <a href="https://blockchain.info/address/1Dark7Qx6DCX3y4qQRZDxLcqy8Mait3MQk">1Dark7Qx6DCX3y4qQRZDxLcqy8Mait3MQk</a>.', u'nickname': u'Default Marketplace', u'signature': u'3045022100a16f6e00f83a61927f4aebdbac705b1af935d6642968651847563339e85b02be02202e606eab22eedafa25c8d92df224cc569dc98c8f4ba243055f73b7425472645d', u'pubkey': u'02ca00205b3ddde1b9fcfc2e0af6455ed4af954b1b75517221e94812e7f94dddc24f60a00020d2c49b80ad00dd62143cc9676a7c54eb8034a358b9ac3d3231866b27c560d749', u'type': u'page'}
 - [1] Decrypted raw message [reputation]
 - [1] Data received: {u'reviews': [{u'rating': 10, u'pubkey': u'02ca00205b3ddde1b9fcfc2e0af6455ed4af954b1b75517221e94812e7f94dddc24f60a00020d2c49b80ad00dd62143cc9676a7c54eb8034a358b9ac3d3231866b27c560d749', u'subject': u'02ca00205b3ddde1b9fcfc2e0af6455ed4af954b1b75517221e94812e7f94dddc24f60a00020d2c49b80ad00dd62143cc9676a7c54eb8034a358b9ac3d3231866b27c560d749', u'sig': u'3045022100e13ba87665b7778a92fa9f2c47a08350260533034f481a85a3d5b3aa5da9640502204e018d70c6b2e5dda827320e61394f78e52be6b350e81ad02914a9f615f4c59e', u'text': u'Initial Review'}], u'type': u'reputation', u'pubkey': u'02ca00205b3ddde1b9fcfc2e0af6455ed4af954b1b75517221e94812e7f94dddc24f60a00020d2c49b80ad00dd62143cc9676a7c54eb8034a358b9ac3d3231866b27c560d749'}
 - [1] Data sent to p2p: {'text': u'safd', 'escrows': ['02ca0020a9de236b47ca19e147cf2cd5b98b6600f168481da8ec0ca9ec92b59b76db1c3d0020f9038a585b93160632f1edec8278ddaeacc38a381c105860d702d7e81ffaa14d', '02ca0020c0d9cd9bdd70c8565374ed8986ac58d24f076e9bcc401fc836352da4fc21f8490020b59dec0aff5e93184d022423893568df13ec1b8352e5f1141dbc669456af510c'], 'state': 'new', 'address': '', 'buyer': '02ca0020111a5f6fb215a9f1edd7c5a301ddce05306ad4c02e8a28b13c7ca370c4fd96ef002033098368f8ffb3d5005de4d261c6fa467e3ab0063044e1b84c87de10643a1792', 'seller': '02ca00205b3ddde1b9fcfc2e0af6455ed4af954b1b75517221e94812e7f94dddc24f60a00020d2c49b80ad00dd62143cc9676a7c54eb8034a358b9ac3d3231866b27c560d749', 'type': 'order', 'id': 161762}
Failed
 - [1] Decrypted raw message [order]
 - [1] Data received: {u'text': u'safd', u'escrows': [u'02ca0020a9de236b47ca19e147cf2cd5b98b6600f168481da8ec0ca9ec92b59b76db1c3d0020f9038a585b93160632f1edec8278ddaeacc38a381c105860d702d7e81ffaa14d'], u'state': u'accepted', u'address': u'3AnXuyZAqWnFYCPtQSn9aqcakMnJ5rspSq', u'buyer': u'02ca0020111a5f6fb215a9f1edd7c5a301ddce05306ad4c02e8a28b13c7ca370c4fd96ef002033098368f8ffb3d5005de4d261c6fa467e3ab0063044e1b84c87de10643a1792', u'seller': u'02ca00205b3ddde1b9fcfc2e0af6455ed4af954b1b75517221e94812e7f94dddc24f60a00020d2c49b80ad00dd62143cc9676a7c54eb8034a358b9ac3d3231866b27c560d749', u'type': u'order', u'id': 161762}
Message:  {u'pubkey': u'02ca00205b3ddde1b9fcfc2e0af6455ed4af954b1b75517221e94812e7f94dddc24f60a00020d2c49b80ad00dd62143cc9676a7c54eb8034a358b9ac3d3231866b27c560d749', u'type': u'query_page'}
 - [1] Data sent to p2p: {'pubkey': '02ca00205b3ddde1b9fcfc2e0af6455ed4af954b1b75517221e94812e7f94dddc24f60a00020d2c49b80ad00dd62143cc9676a7c54eb8034a358b9ac3d3231866b27c560d749', 'type': 'query_page'}
 - [1] Data sent to p2p: {'pubkey': '02ca00205b3ddde1b9fcfc2e0af6455ed4af954b1b75517221e94812e7f94dddc24f60a00020d2c49b80ad00dd62143cc9676a7c54eb8034a358b9ac3d3231866b27c560d749', 'type': 'query_reputation'}
 - [1] Decrypted raw message [page]
 - [1] Data received: {u'text': u'Default Marketplace: This is a default marketplace. Public address is <a href="https://blockchain.info/address/1Dark7Qx6DCX3y4qQRZDxLcqy8Mait3MQk">1Dark7Qx6DCX3y4qQRZDxLcqy8Mait3MQk</a>.', u'nickname': u'Default Marketplace', u'signature': u'3045022100a16f6e00f83a61927f4aebdbac705b1af935d6642968651847563339e85b02be02202e606eab22eedafa25c8d92df224cc569dc98c8f4ba243055f73b7425472645d', u'pubkey': u'02ca00205b3ddde1b9fcfc2e0af6455ed4af954b1b75517221e94812e7f94dddc24f60a00020d2c49b80ad00dd62143cc9676a7c54eb8034a358b9ac3d3231866b27c560d749', u'type': u'page'}
 - [1] [Market] Page returned: {u'text': u'Default Marketplace: This is a default marketplace. Public address is <a href="https://blockchain.info/address/1Dark7Qx6DCX3y4qQRZDxLcqy8Mait3MQk">1Dark7Qx6DCX3y4qQRZDxLcqy8Mait3MQk</a>.', u'nickname': u'Default Marketplace', u'signature': u'3045022100a16f6e00f83a61927f4aebdbac705b1af935d6642968651847563339e85b02be02202e606eab22eedafa25c8d92df224cc569dc98c8f4ba243055f73b7425472645d', u'pubkey': u'02ca00205b3ddde1b9fcfc2e0af6455ed4af954b1b75517221e94812e7f94dddc24f60a00020d2c49b80ad00dd62143cc9676a7c54eb8034a358b9ac3d3231866b27c560d749', u'type': u'page'}
 - [1] Decrypted raw message [reputation]
 - [1] Data received: {u'reviews': [{u'rating': 10, u'pubkey': u'02ca00205b3ddde1b9fcfc2e0af6455ed4af954b1b75517221e94812e7f94dddc24f60a00020d2c49b80ad00dd62143cc9676a7c54eb8034a358b9ac3d3231866b27c560d749', u'subject': u'02ca00205b3ddde1b9fcfc2e0af6455ed4af954b1b75517221e94812e7f94dddc24f60a00020d2c49b80ad00dd62143cc9676a7c54eb8034a358b9ac3d3231866b27c560d749', u'sig': u'3045022100e13ba87665b7778a92fa9f2c47a08350260533034f481a85a3d5b3aa5da9640502204e018d70c6b2e5dda827320e61394f78e52be6b350e81ad02914a9f615f4c59e', u'text': u'Initial Review'}], u'type': u'reputation', u'pubkey': u'02ca00205b3ddde1b9fcfc2e0af6455ed4af954b1b75517221e94812e7f94dddc24f60a00020d2c49b80ad00dd62143cc9676a7c54eb8034a358b9ac3d3231866b27c560d749'}
Order cancelled
 - [1] websocket closed
 - [1] Initialize websockethandler
 - [1] Websocket open
Websocket open
My Public Key:  <pyelliptic.ecc.ECC instance at 0x103b80f80>
Message:  {u'pubkey': u'02ca00205b3ddde1b9fcfc2e0af6455ed4af954b1b75517221e94812e7f94dddc24f60a00020d2c49b80ad00dd62143cc9676a7c54eb8034a358b9ac3d3231866b27c560d749', u'type': u'query_page'}
 - [1] Data sent to p2p: {'pubkey': '02ca00205b3ddde1b9fcfc2e0af6455ed4af954b1b75517221e94812e7f94dddc24f60a00020d2c49b80ad00dd62143cc9676a7c54eb8034a358b9ac3d3231866b27c560d749', 'type': 'query_page'}
 - [1] Data sent to p2p: {'pubkey': '02ca00205b3ddde1b9fcfc2e0af6455ed4af954b1b75517221e94812e7f94dddc24f60a00020d2c49b80ad00dd62143cc9676a7c54eb8034a358b9ac3d3231866b27c560d749', 'type': 'query_reputation'}
 - [1] Decrypted raw message [page]
 - [1] Data received: {u'text': u'Default Marketplace: This is a default marketplace. Public address is <a href="https://blockchain.info/address/1Dark7Qx6DCX3y4qQRZDxLcqy8Mait3MQk">1Dark7Qx6DCX3y4qQRZDxLcqy8Mait3MQk</a>.', u'nickname': u'Default Marketplace', u'signature': u'3045022100a16f6e00f83a61927f4aebdbac705b1af935d6642968651847563339e85b02be02202e606eab22eedafa25c8d92df224cc569dc98c8f4ba243055f73b7425472645d', u'pubkey': u'02ca00205b3ddde1b9fcfc2e0af6455ed4af954b1b75517221e94812e7f94dddc24f60a00020d2c49b80ad00dd62143cc9676a7c54eb8034a358b9ac3d3231866b27c560d749', u'type': u'page'}
 - [1] [Market] Page returned: {u'text': u'Default Marketplace: This is a default marketplace. Public address is <a href="https://blockchain.info/address/1Dark7Qx6DCX3y4qQRZDxLcqy8Mait3MQk">1Dark7Qx6DCX3y4qQRZDxLcqy8Mait3MQk</a>.', u'nickname': u'Default Marketplace', u'signature': u'3045022100a16f6e00f83a61927f4aebdbac705b1af935d6642968651847563339e85b02be02202e606eab22eedafa25c8d92df224cc569dc98c8f4ba243055f73b7425472645d', u'pubkey': u'02ca00205b3ddde1b9fcfc2e0af6455ed4af954b1b75517221e94812e7f94dddc24f60a00020d2c49b80ad00dd62143cc9676a7c54eb8034a358b9ac3d3231866b27c560d749', u'type': u'page'}
 - [1] Decrypted raw message [reputation]
 - [1] Data received: {u'reviews': [{u'rating': 10, u'pubkey': u'02ca00205b3ddde1b9fcfc2e0af6455ed4af954b1b75517221e94812e7f94dddc24f60a00020d2c49b80ad00dd62143cc9676a7c54eb8034a358b9ac3d3231866b27c560d749', u'subject': u'02ca00205b3ddde1b9fcfc2e0af6455ed4af954b1b75517221e94812e7f94dddc24f60a00020d2c49b80ad00dd62143cc9676a7c54eb8034a358b9ac3d3231866b27c560d749', u'sig': u'3045022100e13ba87665b7778a92fa9f2c47a08350260533034f481a85a3d5b3aa5da9640502204e018d70c6b2e5dda827320e61394f78e52be6b350e81ad02914a9f615f4c59e', u'text': u'Initial Review'}], u'type': u'reputation', u'pubkey': u'02ca00205b3ddde1b9fcfc2e0af6455ed4af954b1b75517221e94812e7f94dddc24f60a00020d2c49b80ad00dd62143cc9676a7c54eb8034a358b9ac3d3231866b27c560d749'}
 - [1] Data sent to p2p: {'text': u'asfdads', 'escrows': ['02ca0020a9de236b47ca19e147cf2cd5b98b6600f168481da8ec0ca9ec92b59b76db1c3d0020f9038a585b93160632f1edec8278ddaeacc38a381c105860d702d7e81ffaa14d', '02ca0020c0d9cd9bdd70c8565374ed8986ac58d24f076e9bcc401fc836352da4fc21f8490020b59dec0aff5e93184d022423893568df13ec1b8352e5f1141dbc669456af510c'], 'state': 'new', 'address': '', 'buyer': '02ca0020111a5f6fb215a9f1edd7c5a301ddce05306ad4c02e8a28b13c7ca370c4fd96ef002033098368f8ffb3d5005de4d261c6fa467e3ab0063044e1b84c87de10643a1792', 'seller': '02ca00205b3ddde1b9fcfc2e0af6455ed4af954b1b75517221e94812e7f94dddc24f60a00020d2c49b80ad00dd62143cc9676a7c54eb8034a358b9ac3d3231866b27c560d749', 'type': 'order', 'id': 41861}
Failed
 - [1] Decrypted raw message [order]
 - [1] Data received: {u'text': u'asfdads', u'escrows': [u'02ca0020a9de236b47ca19e147cf2cd5b98b6600f168481da8ec0ca9ec92b59b76db1c3d0020f9038a585b93160632f1edec8278ddaeacc38a381c105860d702d7e81ffaa14d'], u'state': u'accepted', u'address': u'3AnXuyZAqWnFYCPtQSn9aqcakMnJ5rspSq', u'buyer': u'02ca0020111a5f6fb215a9f1edd7c5a301ddce05306ad4c02e8a28b13c7ca370c4fd96ef002033098368f8ffb3d5005de4d261c6fa467e3ab0063044e1b84c87de10643a1792', u'seller': u'02ca00205b3ddde1b9fcfc2e0af6455ed4af954b1b75517221e94812e7f94dddc24f60a00020d2c49b80ad00dd62143cc9676a7c54eb8034a358b9ac3d3231866b27c560d749', u'type': u'order', u'id': 41861}
 - [1] websocket closed
 - [1] Initialize websockethandler
 - [1] Websocket open
Websocket open
My Public Key:  <pyelliptic.ecc.ECC instance at 0x103b80f80>
Message:  {u'pubkey': u'02ca00205b3ddde1b9fcfc2e0af6455ed4af954b1b75517221e94812e7f94dddc24f60a00020d2c49b80ad00dd62143cc9676a7c54eb8034a358b9ac3d3231866b27c560d749', u'type': u'query_page'}
 - [1] Data sent to p2p: {'pubkey': '02ca00205b3ddde1b9fcfc2e0af6455ed4af954b1b75517221e94812e7f94dddc24f60a00020d2c49b80ad00dd62143cc9676a7c54eb8034a358b9ac3d3231866b27c560d749', 'type': 'query_page'}
 - [1] Data sent to p2p: {'pubkey': '02ca00205b3ddde1b9fcfc2e0af6455ed4af954b1b75517221e94812e7f94dddc24f60a00020d2c49b80ad00dd62143cc9676a7c54eb8034a358b9ac3d3231866b27c560d749', 'type': 'query_reputation'}
 - [1] Decrypted raw message [page]
 - [1] Data received: {u'text': u'Default Marketplace: This is a default marketplace. Public address is <a href="https://blockchain.info/address/1Dark7Qx6DCX3y4qQRZDxLcqy8Mait3MQk">1Dark7Qx6DCX3y4qQRZDxLcqy8Mait3MQk</a>.', u'nickname': u'Default Marketplace', u'signature': u'3045022100a16f6e00f83a61927f4aebdbac705b1af935d6642968651847563339e85b02be02202e606eab22eedafa25c8d92df224cc569dc98c8f4ba243055f73b7425472645d', u'pubkey': u'02ca00205b3ddde1b9fcfc2e0af6455ed4af954b1b75517221e94812e7f94dddc24f60a00020d2c49b80ad00dd62143cc9676a7c54eb8034a358b9ac3d3231866b27c560d749', u'type': u'page'}
 - [1] [Market] Page returned: {u'text': u'Default Marketplace: This is a default marketplace. Public address is <a href="https://blockchain.info/address/1Dark7Qx6DCX3y4qQRZDxLcqy8Mait3MQk">1Dark7Qx6DCX3y4qQRZDxLcqy8Mait3MQk</a>.', u'nickname': u'Default Marketplace', u'signature': u'3045022100a16f6e00f83a61927f4aebdbac705b1af935d6642968651847563339e85b02be02202e606eab22eedafa25c8d92df224cc569dc98c8f4ba243055f73b7425472645d', u'pubkey': u'02ca00205b3ddde1b9fcfc2e0af6455ed4af954b1b75517221e94812e7f94dddc24f60a00020d2c49b80ad00dd62143cc9676a7c54eb8034a358b9ac3d3231866b27c560d749', u'type': u'page'}
 - [1] Decrypted raw message [reputation]
 - [1] Data received: {u'reviews': [{u'rating': 10, u'pubkey': u'02ca00205b3ddde1b9fcfc2e0af6455ed4af954b1b75517221e94812e7f94dddc24f60a00020d2c49b80ad00dd62143cc9676a7c54eb8034a358b9ac3d3231866b27c560d749', u'subject': u'02ca00205b3ddde1b9fcfc2e0af6455ed4af954b1b75517221e94812e7f94dddc24f60a00020d2c49b80ad00dd62143cc9676a7c54eb8034a358b9ac3d3231866b27c560d749', u'sig': u'3045022100e13ba87665b7778a92fa9f2c47a08350260533034f481a85a3d5b3aa5da9640502204e018d70c6b2e5dda827320e61394f78e52be6b350e81ad02914a9f615f4c59e', u'text': u'Initial Review'}], u'type': u'reputation', u'pubkey': u'02ca00205b3ddde1b9fcfc2e0af6455ed4af954b1b75517221e94812e7f94dddc24f60a00020d2c49b80ad00dd62143cc9676a7c54eb8034a358b9ac3d3231866b27c560d749'}
 - [1] Data sent to p2p: {'text': u'asfd', 'escrows': ['02ca0020a9de236b47ca19e147cf2cd5b98b6600f168481da8ec0ca9ec92b59b76db1c3d0020f9038a585b93160632f1edec8278ddaeacc38a381c105860d702d7e81ffaa14d', '02ca0020c0d9cd9bdd70c8565374ed8986ac58d24f076e9bcc401fc836352da4fc21f8490020b59dec0aff5e93184d022423893568df13ec1b8352e5f1141dbc669456af510c'], 'state': 'new', 'address': '', 'buyer': '02ca0020111a5f6fb215a9f1edd7c5a301ddce05306ad4c02e8a28b13c7ca370c4fd96ef002033098368f8ffb3d5005de4d261c6fa467e3ab0063044e1b84c87de10643a1792', 'seller': '02ca00205b3ddde1b9fcfc2e0af6455ed4af954b1b75517221e94812e7f94dddc24f60a00020d2c49b80ad00dd62143cc9676a7c54eb8034a358b9ac3d3231866b27c560d749', 'type': 'order', 'id': 61154}
Failed
 - [1] Decrypted raw message [order]
 - [1] Data received: {u'text': u'asfd', u'escrows': [u'02ca0020a9de236b47ca19e147cf2cd5b98b6600f168481da8ec0ca9ec92b59b76db1c3d0020f9038a585b93160632f1edec8278ddaeacc38a381c105860d702d7e81ffaa14d'], u'state': u'accepted', u'address': u'3AnXuyZAqWnFYCPtQSn9aqcakMnJ5rspSq', u'buyer': u'02ca0020111a5f6fb215a9f1edd7c5a301ddce05306ad4c02e8a28b13c7ca370c4fd96ef002033098368f8ffb3d5005de4d261c6fa467e3ab0063044e1b84c87de10643a1792', u'seller': u'02ca00205b3ddde1b9fcfc2e0af6455ed4af954b1b75517221e94812e7f94dddc24f60a00020d2c49b80ad00dd62143cc9676a7c54eb8034a358b9ac3d3231866b27c560d749', u'type': u'order', u'id': 61154}
Message:  {u'pubkey': u'02ca00205b3ddde1b9fcfc2e0af6455ed4af954b1b75517221e94812e7f94dddc24f60a00020d2c49b80ad00dd62143cc9676a7c54eb8034a358b9ac3d3231866b27c560d749', u'type': u'query_page'}
 - [1] Data sent to p2p: {'pubkey': '02ca00205b3ddde1b9fcfc2e0af6455ed4af954b1b75517221e94812e7f94dddc24f60a00020d2c49b80ad00dd62143cc9676a7c54eb8034a358b9ac3d3231866b27c560d749', 'type': 'query_page'}
 - [1] Data sent to p2p: {'pubkey': '02ca00205b3ddde1b9fcfc2e0af6455ed4af954b1b75517221e94812e7f94dddc24f60a00020d2c49b80ad00dd62143cc9676a7c54eb8034a358b9ac3d3231866b27c560d749', 'type': 'query_reputation'}
You provided no SEED_URI. You should call like [market myip seeduri]
 - [1] init server 127.0.0.1 12345
 - [1] [Market] Initializing
 - [1] Data sent to p2p: {'reviews': [{'rating': 10, 'sig': '3046022100997a96a202aeef388c2205518847bbc05b23568135aee0c9544c285c73ff51e5022100f488f81d650a144e21c138437e81ab7b427dc8a8a6a1950530eab8ccc60ce7fa', 'text': 'Initial Review', 'pubkey': '02ca00204429f38f5921cf43a3ebf9c15b25f14f665dfdd6c1dfb1d0f03686edae699c19002039ce3c3f85064ad0bb047e1e54246cd542062a62db1926b8fbb826b7c37f4539', 'subject': '02ca00204429f38f5921cf43a3ebf9c15b25f14f665dfdd6c1dfb1d0f03686edae699c19002039ce3c3f85064ad0bb047e1e54246cd542062a62db1926b8fbb826b7c37f4539'}], 'pubkey': '02ca00204429f38f5921cf43a3ebf9c15b25f14f665dfdd6c1dfb1d0f03686edae699c19002039ce3c3f85064ad0bb047e1e54246cd542062a62db1926b8fbb826b7c37f4539', 'type': 'reputation'}
 - [1] [Market] Loading market config from ppl/default
 - [1] [Market] Configuration data: {"pubkey": "039e55dd799fac2ca83451dd1b5296412547c18566b321231f5d5e1222bfcb02fb", "secret": "70a4863b19407f4a872855f2b2b9062c8e18e1563a73efbe15f1df24b035e814", "nickname": "Default Marketplace", "desc": "This is a default marketplace. Public address is <a href=\"https://blockchain.info/address/1Dark7Qx6DCX3y4qQRZDxLcqy8Mait3MQk\">1Dark7Qx6DCX3y4qQRZDxLcqy8Mait3MQk</a>."}
 - [1] [Market] Tagline signature: 304502202fb2a8ec63444afcf2da6d700271e551535e11f7af22174056e785f4f7599c69022100a725abfc723e4c28724103f2fbad7b84cba24f43ca35456d9e1fb27e2f8cab73
 - [1] Data sent to p2p: {'text': 'Market Initialized', 'type': 'shout'}
 - Started user app at http://127.0.0.1:8888
 - [1] receive [hello]
 * [1] Creating peer tcp://127.0.0.2:12345 02ca0020e7976f7e...
 - [1] [Market] New peer
 - [1] Sending encrypted profile to tcp://127.0.0.2:12345
 - [1] Update peer table [1 peers]
 - [1] receive [reputation]
 - [1] Data received: {u'reviews': [{u'rating': 10, u'pubkey': u'02ca0020e7976f7e9b86478369cf1c7708b475ecbcd2afcaaa87b154bf186f672387a6040020e93bc49465a68bd1d23fe2afff500531c1e0cb399bf21f696d2ca85af6328a37', u'subject': u'02ca0020e7976f7e9b86478369cf1c7708b475ecbcd2afcaaa87b154bf186f672387a6040020e93bc49465a68bd1d23fe2afff500531c1e0cb399bf21f696d2ca85af6328a37', u'sig': u'3045022100c83229f899b01b982dbf926f5e6ed40f326894a8a05f1fe545669d0bd01ed231022074d755c6eda084e1fcac6573961036dc718c0bbd8acd6728e79a47473c946e6a', u'text': u'Initial Review'}], u'type': u'reputation', u'pubkey': u'02ca0020e7976f7e9b86478369cf1c7708b475ecbcd2afcaaa87b154bf186f672387a6040020e93bc49465a68bd1d23fe2afff500531c1e0cb399bf21f696d2ca85af6328a37'}
 - [1] Decrypted raw message [shout]
 - [1] Data received: {u'text': u'Market Initialized', u'type': u'shout'}
 - [1] Initialize websockethandler
 - [1] Websocket open
Websocket open
My Public Key:  <pyelliptic.ecc.ECC instance at 0x10ffc05f0>
{u'params': {u'pubkey': u'02ca0020e7976f7e9b86478369cf1c7708b475ecbcd2afcaaa87b154bf186f672387a6040020e93bc49465a68bd1d23fe2afff500531c1e0cb399bf21f696d2ca85af6328a37', u'type': u'query_page'}, u'command': u'query_page', u'id': 42}
Message:  {u'pubkey': u'02ca0020e7976f7e9b86478369cf1c7708b475ecbcd2afcaaa87b154bf186f672387a6040020e93bc49465a68bd1d23fe2afff500531c1e0cb399bf21f696d2ca85af6328a37', u'type': u'query_page'}
 - [1] Data sent to p2p: {'pubkey': '02ca0020e7976f7e9b86478369cf1c7708b475ecbcd2afcaaa87b154bf186f672387a6040020e93bc49465a68bd1d23fe2afff500531c1e0cb399bf21f696d2ca85af6328a37', 'type': 'query_page'}
 - [1] Data sent to p2p: {'pubkey': '02ca0020e7976f7e9b86478369cf1c7708b475ecbcd2afcaaa87b154bf186f672387a6040020e93bc49465a68bd1d23fe2afff500531c1e0cb399bf21f696d2ca85af6328a37', 'type': 'query_reputation'}
 - [1] Decrypted raw message [page]
 - [1] Data received: {u'text': u'Default Marketplace: This is a default marketplace. Public address is <a href="https://blockchain.info/address/1Dark7Qx6DCX3y4qQRZDxLcqy8Mait3MQk">1Dark7Qx6DCX3y4qQRZDxLcqy8Mait3MQk</a>.', u'nickname': u'Default Marketplace', u'signature': u'30440220203a6073a434e99ac8980a24241e0961154dc925bf0566b128160687094bbed702204e664564473354086ec95ce456d1ea5951f40d8af9b74223df3e838b44c90485', u'pubkey': u'02ca0020e7976f7e9b86478369cf1c7708b475ecbcd2afcaaa87b154bf186f672387a6040020e93bc49465a68bd1d23fe2afff500531c1e0cb399bf21f696d2ca85af6328a37', u'type': u'page'}
 - [1] [Market] Page returned: {u'text': u'Default Marketplace: This is a default marketplace. Public address is <a href="https://blockchain.info/address/1Dark7Qx6DCX3y4qQRZDxLcqy8Mait3MQk">1Dark7Qx6DCX3y4qQRZDxLcqy8Mait3MQk</a>.', u'nickname': u'Default Marketplace', u'signature': u'30440220203a6073a434e99ac8980a24241e0961154dc925bf0566b128160687094bbed702204e664564473354086ec95ce456d1ea5951f40d8af9b74223df3e838b44c90485', u'pubkey': u'02ca0020e7976f7e9b86478369cf1c7708b475ecbcd2afcaaa87b154bf186f672387a6040020e93bc49465a68bd1d23fe2afff500531c1e0cb399bf21f696d2ca85af6328a37', u'type': u'page'}
 - [1] Decrypted raw message [reputation]
 - [1] Data received: {u'reviews': [{u'rating': 10, u'pubkey': u'02ca0020e7976f7e9b86478369cf1c7708b475ecbcd2afcaaa87b154bf186f672387a6040020e93bc49465a68bd1d23fe2afff500531c1e0cb399bf21f696d2ca85af6328a37', u'subject': u'02ca0020e7976f7e9b86478369cf1c7708b475ecbcd2afcaaa87b154bf186f672387a6040020e93bc49465a68bd1d23fe2afff500531c1e0cb399bf21f696d2ca85af6328a37', u'sig': u'3045022100c83229f899b01b982dbf926f5e6ed40f326894a8a05f1fe545669d0bd01ed231022074d755c6eda084e1fcac6573961036dc718c0bbd8acd6728e79a47473c946e6a', u'text': u'Initial Review'}], u'type': u'reputation', u'pubkey': u'02ca0020e7976f7e9b86478369cf1c7708b475ecbcd2afcaaa87b154bf186f672387a6040020e93bc49465a68bd1d23fe2afff500531c1e0cb399bf21f696d2ca85af6328a37'}
{u'params': {u'buyer': u'02ca00204429f38f5921cf43a3ebf9c15b25f14f665dfdd6c1dfb1d0f03686edae699c19002039ce3c3f85064ad0bb047e1e54246cd542062a62db1926b8fbb826b7c37f4539', u'text': u'asfd', u'state': u'new', u'seller': u'02ca0020e7976f7e9b86478369cf1c7708b475ecbcd2afcaaa87b154bf186f672387a6040020e93bc49465a68bd1d23fe2afff500531c1e0cb399bf21f696d2ca85af6328a37'}, u'command': u'order', u'id': 42}
 - [1] Data sent to p2p: {'text': u'asfd', 'escrows': ['02ca0020a9de236b47ca19e147cf2cd5b98b6600f168481da8ec0ca9ec92b59b76db1c3d0020f9038a585b93160632f1edec8278ddaeacc38a381c105860d702d7e81ffaa14d', '02ca0020c0d9cd9bdd70c8565374ed8986ac58d24f076e9bcc401fc836352da4fc21f8490020b59dec0aff5e93184d022423893568df13ec1b8352e5f1141dbc669456af510c'], 'state': 'new', 'address': '', 'buyer': '02ca00204429f38f5921cf43a3ebf9c15b25f14f665dfdd6c1dfb1d0f03686edae699c19002039ce3c3f85064ad0bb047e1e54246cd542062a62db1926b8fbb826b7c37f4539', 'seller': '02ca0020e7976f7e9b86478369cf1c7708b475ecbcd2afcaaa87b154bf186f672387a6040020e93bc49465a68bd1d23fe2afff500531c1e0cb399bf21f696d2ca85af6328a37', 'type': 'order', 'id': 950389}
Failed
 - [1] Decrypted raw message [order]
 - [1] Data received: {u'text': u'asfd', u'escrows': [u'02ca0020a9de236b47ca19e147cf2cd5b98b6600f168481da8ec0ca9ec92b59b76db1c3d0020f9038a585b93160632f1edec8278ddaeacc38a381c105860d702d7e81ffaa14d'], u'state': u'accepted', u'address': u'3QY1cqxDKP2ehNKgS3DxvL7A8VD7uSq6EA', u'buyer': u'02ca00204429f38f5921cf43a3ebf9c15b25f14f665dfdd6c1dfb1d0f03686edae699c19002039ce3c3f85064ad0bb047e1e54246cd542062a62db1926b8fbb826b7c37f4539', u'seller': u'02ca0020e7976f7e9b86478369cf1c7708b475ecbcd2afcaaa87b154bf186f672387a6040020e93bc49465a68bd1d23fe2afff500531c1e0cb399bf21f696d2ca85af6328a37', u'type': u'order', u'id': 950389}
{u'params': {u'pubkey': u'02ca0020e7976f7e9b86478369cf1c7708b475ecbcd2afcaaa87b154bf186f672387a6040020e93bc49465a68bd1d23fe2afff500531c1e0cb399bf21f696d2ca85af6328a37', u'type': u'query_page'}, u'command': u'query_page', u'id': 42}
Message:  {u'pubkey': u'02ca0020e7976f7e9b86478369cf1c7708b475ecbcd2afcaaa87b154bf186f672387a6040020e93bc49465a68bd1d23fe2afff500531c1e0cb399bf21f696d2ca85af6328a37', u'type': u'query_page'}
 - [1] Data sent to p2p: {'pubkey': '02ca0020e7976f7e9b86478369cf1c7708b475ecbcd2afcaaa87b154bf186f672387a6040020e93bc49465a68bd1d23fe2afff500531c1e0cb399bf21f696d2ca85af6328a37', 'type': 'query_page'}
 - [1] Data sent to p2p: {'pubkey': '02ca0020e7976f7e9b86478369cf1c7708b475ecbcd2afcaaa87b154bf186f672387a6040020e93bc49465a68bd1d23fe2afff500531c1e0cb399bf21f696d2ca85af6328a37', 'type': 'query_reputation'}
You provided no SEED_URI. You should call like [market myip seeduri]
 - [1] init server 127.0.0.1 12345
 - [1] [Market] Initializing
 - [1] Data sent to p2p: {'reviews': [{'rating': 10, 'sig': '30440220386519591aa680fa3f3a9a5317ea7ff0840c3257148376f08734413496522e3f022053e5e93457d29d7e640c4966f26f30506dc8c55a95d0b39481380605c49766f7', 'text': 'Initial Review', 'pubkey': '02ca00204b6ff7291d921cc446010d6d960d3380975b54c577e59b90e19bdf667214ff94002080a87f96829d84407ce1a553945bf040cb03a79a6f5bd3ccfc1fa956b4a8d807', 'subject': '02ca00204b6ff7291d921cc446010d6d960d3380975b54c577e59b90e19bdf667214ff94002080a87f96829d84407ce1a553945bf040cb03a79a6f5bd3ccfc1fa956b4a8d807'}], 'pubkey': '02ca00204b6ff7291d921cc446010d6d960d3380975b54c577e59b90e19bdf667214ff94002080a87f96829d84407ce1a553945bf040cb03a79a6f5bd3ccfc1fa956b4a8d807', 'type': 'reputation'}
 - [1] [Market] Loading market config from ppl/default
 - [1] [Market] Configuration data: {"pubkey": "039e55dd799fac2ca83451dd1b5296412547c18566b321231f5d5e1222bfcb02fb", "secret": "70a4863b19407f4a872855f2b2b9062c8e18e1563a73efbe15f1df24b035e814", "nickname": "Default Marketplace", "desc": "This is a default marketplace. Public address is <a href=\"https://blockchain.info/address/1Dark7Qx6DCX3y4qQRZDxLcqy8Mait3MQk\">1Dark7Qx6DCX3y4qQRZDxLcqy8Mait3MQk</a>."}
 - [1] [Market] Tagline signature: 3045022100ef58e620bf4be5d1a6257adbcbe0139cd61a73e2b951f4c7d76b3d792f948e0002200218db902bd6e44e43612a4554f48c0cf7efd0dae155b66356335d9ee8b702bb
 - [1] Data sent to p2p: {'text': 'Market Initialized', 'type': 'shout'}
 - Started user app at http://127.0.0.1:8888
 - [1] receive [hello]
 * [1] Creating peer tcp://127.0.0.2:12345 02ca00209f4909e5...
 - [1] [Market] New peer
 - [1] Sending encrypted profile to tcp://127.0.0.2:12345
 - [1] Update peer table [1 peers]
 - [1] receive [reputation]
 - [1] Data received: {u'reviews': [{u'rating': 10, u'pubkey': u'02ca00209f4909e56283d57fd1cd5f4b01ff66699b2db9c49538640d443e9aa275cb701d0020fa2e662a06b8c20f1a03d9e6348c16a4c34b15d787e7be2ef87f6c1fdcd049d7', u'subject': u'02ca00209f4909e56283d57fd1cd5f4b01ff66699b2db9c49538640d443e9aa275cb701d0020fa2e662a06b8c20f1a03d9e6348c16a4c34b15d787e7be2ef87f6c1fdcd049d7', u'sig': u'3045022100ed8651d7b82ebcf04baa5493585676dd677590d63f5d08467e1c26eab303418802204d8ebe0c6bd6843a1fed345f26fc1a8c466e2fb8739a9670af36b4434af53b89', u'text': u'Initial Review'}], u'type': u'reputation', u'pubkey': u'02ca00209f4909e56283d57fd1cd5f4b01ff66699b2db9c49538640d443e9aa275cb701d0020fa2e662a06b8c20f1a03d9e6348c16a4c34b15d787e7be2ef87f6c1fdcd049d7'}
 - [1] receive [shout]
 - [1] Data received: {u'text': u'Market Initialized', u'type': u'shout'}
 - [1] Initialize websockethandler
 - [1] Websocket open
Websocket open
My Public Key:  <pyelliptic.ecc.ECC instance at 0x1060e8050>
{u'params': {u'pubkey': u'02ca00209f4909e56283d57fd1cd5f4b01ff66699b2db9c49538640d443e9aa275cb701d0020fa2e662a06b8c20f1a03d9e6348c16a4c34b15d787e7be2ef87f6c1fdcd049d7', u'type': u'query_page'}, u'command': u'query_page', u'id': 42}
Message:  {u'pubkey': u'02ca00209f4909e56283d57fd1cd5f4b01ff66699b2db9c49538640d443e9aa275cb701d0020fa2e662a06b8c20f1a03d9e6348c16a4c34b15d787e7be2ef87f6c1fdcd049d7', u'type': u'query_page'}
 - [1] Data sent to p2p: {'pubkey': '02ca00209f4909e56283d57fd1cd5f4b01ff66699b2db9c49538640d443e9aa275cb701d0020fa2e662a06b8c20f1a03d9e6348c16a4c34b15d787e7be2ef87f6c1fdcd049d7', 'type': 'query_page'}
 - [1] Data sent to p2p: {'pubkey': '02ca00209f4909e56283d57fd1cd5f4b01ff66699b2db9c49538640d443e9aa275cb701d0020fa2e662a06b8c20f1a03d9e6348c16a4c34b15d787e7be2ef87f6c1fdcd049d7', 'type': 'query_reputation'}
 - [1] Decrypted raw message [page]
 - [1] Data received: {u'text': u'Default Marketplace: This is a default marketplace. Public address is <a href="https://blockchain.info/address/1Dark7Qx6DCX3y4qQRZDxLcqy8Mait3MQk">1Dark7Qx6DCX3y4qQRZDxLcqy8Mait3MQk</a>.', u'nickname': u'Default Marketplace', u'signature': u'3046022100cf2f9602499de5eda5ca6568a0cc559d64f37048552e103d69ff7b5b8f811473022100cfe82d1e0aebdd7f24ad06517b83360b4fe833fd43ef9807f35d52b6c068b198', u'pubkey': u'02ca00209f4909e56283d57fd1cd5f4b01ff66699b2db9c49538640d443e9aa275cb701d0020fa2e662a06b8c20f1a03d9e6348c16a4c34b15d787e7be2ef87f6c1fdcd049d7', u'type': u'page'}
 - [1] [Market] Page returned: {u'text': u'Default Marketplace: This is a default marketplace. Public address is <a href="https://blockchain.info/address/1Dark7Qx6DCX3y4qQRZDxLcqy8Mait3MQk">1Dark7Qx6DCX3y4qQRZDxLcqy8Mait3MQk</a>.', u'nickname': u'Default Marketplace', u'signature': u'3046022100cf2f9602499de5eda5ca6568a0cc559d64f37048552e103d69ff7b5b8f811473022100cfe82d1e0aebdd7f24ad06517b83360b4fe833fd43ef9807f35d52b6c068b198', u'pubkey': u'02ca00209f4909e56283d57fd1cd5f4b01ff66699b2db9c49538640d443e9aa275cb701d0020fa2e662a06b8c20f1a03d9e6348c16a4c34b15d787e7be2ef87f6c1fdcd049d7', u'type': u'page'}
 - [1] Decrypted raw message [reputation]
 - [1] Data received: {u'reviews': [{u'rating': 10, u'pubkey': u'02ca00209f4909e56283d57fd1cd5f4b01ff66699b2db9c49538640d443e9aa275cb701d0020fa2e662a06b8c20f1a03d9e6348c16a4c34b15d787e7be2ef87f6c1fdcd049d7', u'subject': u'02ca00209f4909e56283d57fd1cd5f4b01ff66699b2db9c49538640d443e9aa275cb701d0020fa2e662a06b8c20f1a03d9e6348c16a4c34b15d787e7be2ef87f6c1fdcd049d7', u'sig': u'3045022100ed8651d7b82ebcf04baa5493585676dd677590d63f5d08467e1c26eab303418802204d8ebe0c6bd6843a1fed345f26fc1a8c466e2fb8739a9670af36b4434af53b89', u'text': u'Initial Review'}], u'type': u'reputation', u'pubkey': u'02ca00209f4909e56283d57fd1cd5f4b01ff66699b2db9c49538640d443e9aa275cb701d0020fa2e662a06b8c20f1a03d9e6348c16a4c34b15d787e7be2ef87f6c1fdcd049d7'}
{u'params': {u'buyer': u'02ca00204b6ff7291d921cc446010d6d960d3380975b54c577e59b90e19bdf667214ff94002080a87f96829d84407ce1a553945bf040cb03a79a6f5bd3ccfc1fa956b4a8d807', u'text': u'asdf', u'state': u'new', u'seller': u'02ca00209f4909e56283d57fd1cd5f4b01ff66699b2db9c49538640d443e9aa275cb701d0020fa2e662a06b8c20f1a03d9e6348c16a4c34b15d787e7be2ef87f6c1fdcd049d7'}, u'command': u'order', u'id': 42}
 - [1] Data sent to p2p: {'text': u'asdf', 'escrows': ['02ca0020a9de236b47ca19e147cf2cd5b98b6600f168481da8ec0ca9ec92b59b76db1c3d0020f9038a585b93160632f1edec8278ddaeacc38a381c105860d702d7e81ffaa14d', '02ca0020c0d9cd9bdd70c8565374ed8986ac58d24f076e9bcc401fc836352da4fc21f8490020b59dec0aff5e93184d022423893568df13ec1b8352e5f1141dbc669456af510c'], 'state': 'new', 'address': '', 'buyer': '02ca00204b6ff7291d921cc446010d6d960d3380975b54c577e59b90e19bdf667214ff94002080a87f96829d84407ce1a553945bf040cb03a79a6f5bd3ccfc1fa956b4a8d807', 'seller': '02ca00209f4909e56283d57fd1cd5f4b01ff66699b2db9c49538640d443e9aa275cb701d0020fa2e662a06b8c20f1a03d9e6348c16a4c34b15d787e7be2ef87f6c1fdcd049d7', 'type': 'order', 'id': 368208}
Failed
 - [1] Decrypted raw message [order]
 - [1] Data received: {u'text': u'asdf', u'escrows': [u'02ca0020a9de236b47ca19e147cf2cd5b98b6600f168481da8ec0ca9ec92b59b76db1c3d0020f9038a585b93160632f1edec8278ddaeacc38a381c105860d702d7e81ffaa14d'], u'state': u'accepted', u'address': u'396Dpb9XnYXTeCBZ2oRdeuhZwU7t5NXoYQ', u'buyer': u'02ca00204b6ff7291d921cc446010d6d960d3380975b54c577e59b90e19bdf667214ff94002080a87f96829d84407ce1a553945bf040cb03a79a6f5bd3ccfc1fa956b4a8d807', u'seller': u'02ca00209f4909e56283d57fd1cd5f4b01ff66699b2db9c49538640d443e9aa275cb701d0020fa2e662a06b8c20f1a03d9e6348c16a4c34b15d787e7be2ef87f6c1fdcd049d7', u'type': u'order', u'id': 368208}
{u'params': {u'pubkey': u'02ca00209f4909e56283d57fd1cd5f4b01ff66699b2db9c49538640d443e9aa275cb701d0020fa2e662a06b8c20f1a03d9e6348c16a4c34b15d787e7be2ef87f6c1fdcd049d7', u'type': u'query_page'}, u'command': u'query_page', u'id': 42}
Message:  {u'pubkey': u'02ca00209f4909e56283d57fd1cd5f4b01ff66699b2db9c49538640d443e9aa275cb701d0020fa2e662a06b8c20f1a03d9e6348c16a4c34b15d787e7be2ef87f6c1fdcd049d7', u'type': u'query_page'}
 - [1] Data sent to p2p: {'pubkey': '02ca00209f4909e56283d57fd1cd5f4b01ff66699b2db9c49538640d443e9aa275cb701d0020fa2e662a06b8c20f1a03d9e6348c16a4c34b15d787e7be2ef87f6c1fdcd049d7', 'type': 'query_page'}
 - [1] Data sent to p2p: {'pubkey': '02ca00209f4909e56283d57fd1cd5f4b01ff66699b2db9c49538640d443e9aa275cb701d0020fa2e662a06b8c20f1a03d9e6348c16a4c34b15d787e7be2ef87f6c1fdcd049d7', 'type': 'query_reputation'}
You provided no SEED_URI. You should call like [market myip seeduri]
 - [1] init server 127.0.0.1 12345
 - [1] [Market] Initializing
 - [1] Data sent to p2p: {'reviews': [{'rating': 10, 'sig': '3045022100d1230e8e7dec0dd10723aecbb994ddc499d59045d7920018a62143aa99f980a80220653848d0057d3909bca013ac04c6ceb14121c27d49ac22359f0b81a50782ba1c', 'text': 'Initial Review', 'pubkey': '02ca0020ba19c50194e49aec2c0a432433f57d82bc9ab6ef2d5b369cea461d4e5a64a5590020114e84b7859a799703c536f7a167caedf6b13db589b58547c0b0c64123d74915', 'subject': '02ca0020ba19c50194e49aec2c0a432433f57d82bc9ab6ef2d5b369cea461d4e5a64a5590020114e84b7859a799703c536f7a167caedf6b13db589b58547c0b0c64123d74915'}], 'pubkey': '02ca0020ba19c50194e49aec2c0a432433f57d82bc9ab6ef2d5b369cea461d4e5a64a5590020114e84b7859a799703c536f7a167caedf6b13db589b58547c0b0c64123d74915', 'type': 'reputation'}
 - [1] [Market] Loading market config from ppl/default
 - [1] [Market] Configuration data: {"pubkey": "039e55dd799fac2ca83451dd1b5296412547c18566b321231f5d5e1222bfcb02fb", "secret": "70a4863b19407f4a872855f2b2b9062c8e18e1563a73efbe15f1df24b035e814", "nickname": "Default Marketplace", "desc": "This is a default marketplace. Public address is <a href=\"https://blockchain.info/address/1Dark7Qx6DCX3y4qQRZDxLcqy8Mait3MQk\">1Dark7Qx6DCX3y4qQRZDxLcqy8Mait3MQk</a>."}
 - [1] [Market] Tagline signature: 30450221009197b9cc2c9148bf7326e07717ed2ba291d9fa9f74c4a6ffad0394170234f211022062d44e70cd306b3a2bc44ed7a97ac04b7b7bde14e39f57459d2b9c348435ddff
 - [1] Data sent to p2p: {'text': 'Market Initialized', 'type': 'shout'}
 - Started user app at http://127.0.0.1:8888
 - [1] receive [hello]
 * [1] Creating peer tcp://127.0.0.2:12345 02ca00205ee4ebff...
 - [1] [Market] New peer
 - [1] Sending encrypted profile to tcp://127.0.0.2:12345
 - [1] Update peer table [1 peers]
 - [1] receive [reputation]
 - [1] Data received: {u'reviews': [{u'rating': 10, u'pubkey': u'02ca00205ee4ebff29df6fbc508209189daa2872a701b527cf7b78b3ef2f16ac3ff20f8d002034bdaacad4dae5c667ccfe887eefe22f64c29517c73044c27de71b44795ce8d6', u'subject': u'02ca00205ee4ebff29df6fbc508209189daa2872a701b527cf7b78b3ef2f16ac3ff20f8d002034bdaacad4dae5c667ccfe887eefe22f64c29517c73044c27de71b44795ce8d6', u'sig': u'3045022005a1ac9625d14f9d5288ed56ad258a9e1d4475c3f13d9211a6361d6f8bb283cd022100e93b3c1a1e56b6769909b114a8a8a3a9b70bbe9f1ba1b4e9b62ec3a9b01a9003', u'text': u'Initial Review'}], u'type': u'reputation', u'pubkey': u'02ca00205ee4ebff29df6fbc508209189daa2872a701b527cf7b78b3ef2f16ac3ff20f8d002034bdaacad4dae5c667ccfe887eefe22f64c29517c73044c27de71b44795ce8d6'}
 - [1] Decrypted raw message [shout]
 - [1] Data received: {u'text': u'Market Initialized', u'type': u'shout'}
 - [1] Initialize websockethandler
 - [1] Websocket open
Websocket open
My Public Key:  <pyelliptic.ecc.ECC instance at 0x1057b9fc8>
{u'params': {u'pubkey': u'02ca00205ee4ebff29df6fbc508209189daa2872a701b527cf7b78b3ef2f16ac3ff20f8d002034bdaacad4dae5c667ccfe887eefe22f64c29517c73044c27de71b44795ce8d6', u'type': u'query_page'}, u'command': u'query_page', u'id': 42}
Message:  {u'pubkey': u'02ca00205ee4ebff29df6fbc508209189daa2872a701b527cf7b78b3ef2f16ac3ff20f8d002034bdaacad4dae5c667ccfe887eefe22f64c29517c73044c27de71b44795ce8d6', u'type': u'query_page'}
 - [1] Data sent to p2p: {'pubkey': '02ca00205ee4ebff29df6fbc508209189daa2872a701b527cf7b78b3ef2f16ac3ff20f8d002034bdaacad4dae5c667ccfe887eefe22f64c29517c73044c27de71b44795ce8d6', 'type': 'query_page'}
 - [1] Data sent to p2p: {'pubkey': '02ca00205ee4ebff29df6fbc508209189daa2872a701b527cf7b78b3ef2f16ac3ff20f8d002034bdaacad4dae5c667ccfe887eefe22f64c29517c73044c27de71b44795ce8d6', 'type': 'query_reputation'}
 - [1] Decrypted raw message [page]
 - [1] Data received: {u'text': u'Default Marketplace: This is a default marketplace. Public address is <a href="https://blockchain.info/address/1Dark7Qx6DCX3y4qQRZDxLcqy8Mait3MQk">1Dark7Qx6DCX3y4qQRZDxLcqy8Mait3MQk</a>.', u'nickname': u'Default Marketplace', u'signature': u'3045022100fc17661cd695c449cf3706bd17d1250f476e6f676f860274015db82749f9347902202965ded847f27c2d8f8fa8079de221753ed3ff2736627c0ad6426a5f2c3adb2e', u'pubkey': u'02ca00205ee4ebff29df6fbc508209189daa2872a701b527cf7b78b3ef2f16ac3ff20f8d002034bdaacad4dae5c667ccfe887eefe22f64c29517c73044c27de71b44795ce8d6', u'type': u'page'}
 - [1] [Market] Page returned: {u'text': u'Default Marketplace: This is a default marketplace. Public address is <a href="https://blockchain.info/address/1Dark7Qx6DCX3y4qQRZDxLcqy8Mait3MQk">1Dark7Qx6DCX3y4qQRZDxLcqy8Mait3MQk</a>.', u'nickname': u'Default Marketplace', u'signature': u'3045022100fc17661cd695c449cf3706bd17d1250f476e6f676f860274015db82749f9347902202965ded847f27c2d8f8fa8079de221753ed3ff2736627c0ad6426a5f2c3adb2e', u'pubkey': u'02ca00205ee4ebff29df6fbc508209189daa2872a701b527cf7b78b3ef2f16ac3ff20f8d002034bdaacad4dae5c667ccfe887eefe22f64c29517c73044c27de71b44795ce8d6', u'type': u'page'}
 - [1] Decrypted raw message [reputation]
 - [1] Data received: {u'reviews': [{u'rating': 10, u'pubkey': u'02ca00205ee4ebff29df6fbc508209189daa2872a701b527cf7b78b3ef2f16ac3ff20f8d002034bdaacad4dae5c667ccfe887eefe22f64c29517c73044c27de71b44795ce8d6', u'subject': u'02ca00205ee4ebff29df6fbc508209189daa2872a701b527cf7b78b3ef2f16ac3ff20f8d002034bdaacad4dae5c667ccfe887eefe22f64c29517c73044c27de71b44795ce8d6', u'sig': u'3045022005a1ac9625d14f9d5288ed56ad258a9e1d4475c3f13d9211a6361d6f8bb283cd022100e93b3c1a1e56b6769909b114a8a8a3a9b70bbe9f1ba1b4e9b62ec3a9b01a9003', u'text': u'Initial Review'}], u'type': u'reputation', u'pubkey': u'02ca00205ee4ebff29df6fbc508209189daa2872a701b527cf7b78b3ef2f16ac3ff20f8d002034bdaacad4dae5c667ccfe887eefe22f64c29517c73044c27de71b44795ce8d6'}
{u'params': {u'buyer': u'02ca0020ba19c50194e49aec2c0a432433f57d82bc9ab6ef2d5b369cea461d4e5a64a5590020114e84b7859a799703c536f7a167caedf6b13db589b58547c0b0c64123d74915', u'text': u'afs', u'state': u'new', u'seller': u'02ca00205ee4ebff29df6fbc508209189daa2872a701b527cf7b78b3ef2f16ac3ff20f8d002034bdaacad4dae5c667ccfe887eefe22f64c29517c73044c27de71b44795ce8d6'}, u'command': u'order', u'id': 42}
 - [1] Data sent to p2p: {'text': u'afs', 'escrows': ['02ca0020a9de236b47ca19e147cf2cd5b98b6600f168481da8ec0ca9ec92b59b76db1c3d0020f9038a585b93160632f1edec8278ddaeacc38a381c105860d702d7e81ffaa14d', '02ca0020c0d9cd9bdd70c8565374ed8986ac58d24f076e9bcc401fc836352da4fc21f8490020b59dec0aff5e93184d022423893568df13ec1b8352e5f1141dbc669456af510c'], 'state': 'new', 'address': '', 'buyer': '02ca0020ba19c50194e49aec2c0a432433f57d82bc9ab6ef2d5b369cea461d4e5a64a5590020114e84b7859a799703c536f7a167caedf6b13db589b58547c0b0c64123d74915', 'seller': '02ca00205ee4ebff29df6fbc508209189daa2872a701b527cf7b78b3ef2f16ac3ff20f8d002034bdaacad4dae5c667ccfe887eefe22f64c29517c73044c27de71b44795ce8d6', 'type': 'order', 'id': 23379}
Failed
 - [1] Decrypted raw message [order]
 - [1] Data received: {u'text': u'afs', u'escrows': [u'02ca0020a9de236b47ca19e147cf2cd5b98b6600f168481da8ec0ca9ec92b59b76db1c3d0020f9038a585b93160632f1edec8278ddaeacc38a381c105860d702d7e81ffaa14d'], u'state': u'accepted', u'address': u'32NfGQwyFUwEkj6yRSa6oJXukXDJTT3QcH', u'buyer': u'02ca0020ba19c50194e49aec2c0a432433f57d82bc9ab6ef2d5b369cea461d4e5a64a5590020114e84b7859a799703c536f7a167caedf6b13db589b58547c0b0c64123d74915', u'seller': u'02ca00205ee4ebff29df6fbc508209189daa2872a701b527cf7b78b3ef2f16ac3ff20f8d002034bdaacad4dae5c667ccfe887eefe22f64c29517c73044c27de71b44795ce8d6', u'type': u'order', u'id': 23379}
{u'params': {u'pubkey': u'02ca00205ee4ebff29df6fbc508209189daa2872a701b527cf7b78b3ef2f16ac3ff20f8d002034bdaacad4dae5c667ccfe887eefe22f64c29517c73044c27de71b44795ce8d6', u'type': u'query_page'}, u'command': u'query_page', u'id': 42}
Message:  {u'pubkey': u'02ca00205ee4ebff29df6fbc508209189daa2872a701b527cf7b78b3ef2f16ac3ff20f8d002034bdaacad4dae5c667ccfe887eefe22f64c29517c73044c27de71b44795ce8d6', u'type': u'query_page'}
 - [1] Data sent to p2p: {'pubkey': '02ca00205ee4ebff29df6fbc508209189daa2872a701b527cf7b78b3ef2f16ac3ff20f8d002034bdaacad4dae5c667ccfe887eefe22f64c29517c73044c27de71b44795ce8d6', 'type': 'query_page'}
 - [1] Data sent to p2p: {'pubkey': '02ca00205ee4ebff29df6fbc508209189daa2872a701b527cf7b78b3ef2f16ac3ff20f8d002034bdaacad4dae5c667ccfe887eefe22f64c29517c73044c27de71b44795ce8d6', 'type': 'query_reputation'}
You provided no SEED_URI. You should call like [market myip seeduri]
 - [1] init server 127.0.0.1 12345
 - [1] [Market] Initializing
 - [1] Data sent to p2p: {'reviews': [{'rating': 10, 'sig': '3045022100d6fa6b4a8b82b2f9e6fc0508e10873e51b4a498727fe256ae7f772b18f499dbb02200cbc0bfc8fbdf2392ba23a53b578e6d3f5bcb636edd9de05a3f6a5a065c92dd4', 'text': 'Initial Review', 'pubkey': '02ca0020d2a3017d559cc51360a109a8d1f69d0edd76c7367a9403045465482e79770a9e0020c51f67ebc6f9387d82bf6c27bb033ee802f92636ef16853890f23e8d6f22e697', 'subject': '02ca0020d2a3017d559cc51360a109a8d1f69d0edd76c7367a9403045465482e79770a9e0020c51f67ebc6f9387d82bf6c27bb033ee802f92636ef16853890f23e8d6f22e697'}], 'pubkey': '02ca0020d2a3017d559cc51360a109a8d1f69d0edd76c7367a9403045465482e79770a9e0020c51f67ebc6f9387d82bf6c27bb033ee802f92636ef16853890f23e8d6f22e697', 'type': 'reputation'}
 - [1] [Market] Loading market config from ppl/default
 - [1] [Market] Configuration data: {"pubkey": "039e55dd799fac2ca83451dd1b5296412547c18566b321231f5d5e1222bfcb02fb", "secret": "70a4863b19407f4a872855f2b2b9062c8e18e1563a73efbe15f1df24b035e814", "nickname": "Default Marketplace", "desc": "This is a default marketplace. Public address is <a href=\"https://blockchain.info/address/1Dark7Qx6DCX3y4qQRZDxLcqy8Mait3MQk\">1Dark7Qx6DCX3y4qQRZDxLcqy8Mait3MQk</a>."}
 - [1] [Market] Tagline signature: 3045022100d39ad7b4d1abe9f8b41d4cbc6952075ca68dbef651290e033b183514c8c0d25e022042e63f02f1d37bbe00ba5e8d71d68c2bdfa1de9249c94245f14241d44084b9b6
 - [1] Data sent to p2p: {'text': 'Market Initialized', 'type': 'shout'}
 - Started user app at http://127.0.0.1:8888
 - [1] receive [hello]
 * [1] Creating peer tcp://127.0.0.2:12345 02ca0020deda1d45...
 - [1] [Market] New peer
 - [1] Sending encrypted profile to tcp://127.0.0.2:12345
